# JRE version: OpenJDK Runtime Environment (8.0_212-b04) (build 1.8.0_212-release-1586-b04)
# Java VM: OpenJDK 64-Bit Server VM (25.212-b04 mixed mode windows-amd64 compressed oops)
Heap:
 PSYoungGen      total 247296K, used 212598K [0x00000000d5580000, 0x00000000ecc00000, 0x0000000100000000)
  eden space 218112K, 97% used [0x00000000d5580000,0x00000000e251dbf8,0x00000000e2a80000)
  from space 29184K, 0% used [0x00000000e2a80000,0x00000000e2a80000,0x00000000e4700000)
  to   space 55808K, 0% used [0x00000000e9580000,0x00000000e9580000,0x00000000ecc00000)
 ParOldGen       total 129024K, used 128739K [0x0000000080000000, 0x0000000087e00000, 0x00000000d5580000)
  object space 129024K, 99% used [0x0000000080000000,0x0000000087db8e08,0x0000000087e00000)
 Metaspace       used 77599K, capacity 80670K, committed 82432K, reserved 1120256K
  class space    used 10406K, capacity 11023K, committed 11520K, reserved 1048576K
GC Heap History (10 events):
Event: 30.494 GC heap before
{Heap before GC invocations=20 (full 5):
 PSYoungGen      total 247296K, used 218112K [0x00000000d5580000, 0x00000000ecc00000, 0x0000000100000000)
  eden space 218112K, 100% used [0x00000000d5580000,0x00000000e2a80000,0x00000000e2a80000)
  from space 29184K, 0% used [0x00000000e2a80000,0x00000000e2a80000,0x00000000e4700000)
  to   space 55808K, 0% used [0x00000000e9580000,0x00000000e9580000,0x00000000ecc00000)
 ParOldGen       total 129024K, used 123779K [0x0000000080000000, 0x0000000087e00000, 0x00000000d5580000)
  object space 129024K, 95% used [0x0000000080000000,0x00000000878e0db0,0x0000000087e00000)
 Metaspace       used 76387K, capacity 79466K, committed 81152K, reserved 1118208K
  class space    used 10398K, capacity 11017K, committed 11520K, reserved 1048576K
Event: 32.315 GC heap after
Heap after GC invocations=20 (full 5):
 PSYoungGen      total 247296K, used 47152K [0x00000000d5580000, 0x00000000ecc00000, 0x0000000100000000)
  eden space 218112K, 21% used [0x00000000d5580000,0x00000000d838c2c8,0x00000000e2a80000)
  from space 29184K, 0% used [0x00000000e2a80000,0x00000000e2a80000,0x00000000e4700000)
  to   space 55808K, 0% used [0x00000000e9580000,0x00000000e9580000,0x00000000ecc00000)
 ParOldGen       total 129024K, used 128839K [0x0000000080000000, 0x0000000087e00000, 0x00000000d5580000)
  object space 129024K, 99% used [0x0000000080000000,0x0000000087dd1e38,0x0000000087e00000)
 Metaspace       used 76387K, capacity 79466K, committed 81152K, reserved 1118208K
  class space    used 10398K, capacity 11017K, committed 11520K, reserved 1048576K
}
Event: 33.607 GC heap before
{Heap before GC invocations=21 (full 6):
 PSYoungGen      total 247296K, used 218112K [0x00000000d5580000, 0x00000000ecc00000, 0x0000000100000000)
  eden space 218112K, 100% used [0x00000000d5580000,0x00000000e2a80000,0x00000000e2a80000)
  from space 29184K, 0% used [0x00000000e2a80000,0x00000000e2a80000,0x00000000e4700000)
  to   space 55808K, 0% used [0x00000000e9580000,0x00000000e9580000,0x00000000ecc00000)
 ParOldGen       total 129024K, used 128840K [0x0000000080000000, 0x0000000087e00000, 0x00000000d5580000)
  object space 129024K, 99% used [0x0000000080000000,0x0000000087dd23d8,0x0000000087e00000)
 Metaspace       used 76529K, capacity 79616K, committed 81408K, reserved 1120256K
  class space    used 10402K, capacity 11022K, committed 11520K, reserved 1048576K
Event: 34.578 GC heap after
Heap after GC invocations=21 (full 6):
 PSYoungGen      total 247296K, used 40967K [0x00000000d5580000, 0x00000000ecc00000, 0x0000000100000000)
  eden space 218112K, 18% used [0x00000000d5580000,0x00000000d7d81d88,0x00000000e2a80000)
  from space 29184K, 0% used [0x00000000e2a80000,0x00000000e2a80000,0x00000000e4700000)
  to   space 55808K, 0% used [0x00000000e9580000,0x00000000e9580000,0x00000000ecc00000)
 ParOldGen       total 129024K, used 128966K [0x0000000080000000, 0x0000000087e00000, 0x00000000d5580000)
  object space 129024K, 99% used [0x0000000080000000,0x0000000087df1bb0,0x0000000087e00000)
 Metaspace       used 76529K, capacity 79616K, committed 81408K, reserved 1120256K
  class space    used 10402K, capacity 11022K, committed 11520K, reserved 1048576K
}
Event: 35.414 GC heap before
{Heap before GC invocations=22 (full 7):
 PSYoungGen      total 247296K, used 218112K [0x00000000d5580000, 0x00000000ecc00000, 0x0000000100000000)
  eden space 218112K, 100% used [0x00000000d5580000,0x00000000e2a80000,0x00000000e2a80000)
  from space 29184K, 0% used [0x00000000e2a80000,0x00000000e2a80000,0x00000000e4700000)
  to   space 55808K, 0% used [0x00000000e9580000,0x00000000e9580000,0x00000000ecc00000)
 ParOldGen       total 129024K, used 128966K [0x0000000080000000, 0x0000000087e00000, 0x00000000d5580000)
  object space 129024K, 99% used [0x0000000080000000,0x0000000087df1bb0,0x0000000087e00000)
 Metaspace       used 76834K, capacity 79918K, committed 81664K, reserved 1120256K
  class space    used 10403K, capacity 11023K, committed 11520K, reserved 1048576K
Event: 36.705 GC heap after
Heap after GC invocations=22 (full 7):
 PSYoungGen      total 247296K, used 43909K [0x00000000d5580000, 0x00000000ecc00000, 0x0000000100000000)
  eden space 218112K, 20% used [0x00000000d5580000,0x00000000d8061550,0x00000000e2a80000)
  from space 29184K, 0% used [0x00000000e2a80000,0x00000000e2a80000,0x00000000e4700000)
  to   space 55808K, 0% used [0x00000000e9580000,0x00000000e9580000,0x00000000ecc00000)
 ParOldGen       total 129024K, used 128635K [0x0000000080000000, 0x0000000087e00000, 0x00000000d5580000)
  object space 129024K, 99% used [0x0000000080000000,0x0000000087d9ecf0,0x0000000087e00000)
 Metaspace       used 76834K, capacity 79918K, committed 81664K, reserved 1120256K
  class space    used 10403K, capacity 11023K, committed 11520K, reserved 1048576K
}
Event: 37.504 GC heap before
{Heap before GC invocations=23 (full 8):
 PSYoungGen      total 247296K, used 218112K [0x00000000d5580000, 0x00000000ecc00000, 0x0000000100000000)
  eden space 218112K, 100% used [0x00000000d5580000,0x00000000e2a80000,0x00000000e2a80000)
  from space 29184K, 0% used [0x00000000e2a80000,0x00000000e2a80000,0x00000000e4700000)
  to   space 55808K, 0% used [0x00000000e9580000,0x00000000e9580000,0x00000000ecc00000)
 ParOldGen       total 129024K, used 128635K [0x0000000080000000, 0x0000000087e00000, 0x00000000d5580000)
  object space 129024K, 99% used [0x0000000080000000,0x0000000087d9ecf0,0x0000000087e00000)
 Metaspace       used 77189K, capacity 80274K, committed 81920K, reserved 1120256K
  class space    used 10403K, capacity 11023K, committed 11520K, reserved 1048576K
Event: 39.153 GC heap after
Heap after GC invocations=23 (full 8):
 PSYoungGen      total 247296K, used 49057K [0x00000000d5580000, 0x00000000ecc00000, 0x0000000100000000)
  eden space 218112K, 22% used [0x00000000d5580000,0x00000000d85687c0,0x00000000e2a80000)
  from space 29184K, 0% used [0x00000000e2a80000,0x00000000e2a80000,0x00000000e4700000)
  to   space 55808K, 0% used [0x00000000e9580000,0x00000000e9580000,0x00000000ecc00000)
 ParOldGen       total 129024K, used 128721K [0x0000000080000000, 0x0000000087e00000, 0x00000000d5580000)
  object space 129024K, 99% used [0x0000000080000000,0x0000000087db4568,0x0000000087e00000)
 Metaspace       used 77189K, capacity 80274K, committed 81920K, reserved 1120256K
  class space    used 10403K, capacity 11023K, committed 11520K, reserved 1048576K
}
Event: 39.995 GC heap before
{Heap before GC invocations=24 (full 9):
 PSYoungGen      total 247296K, used 218112K [0x00000000d5580000, 0x00000000ecc00000, 0x0000000100000000)
  eden space 218112K, 100% used [0x00000000d5580000,0x00000000e2a80000,0x00000000e2a80000)
  from space 29184K, 0% used [0x00000000e2a80000,0x00000000e2a80000,0x00000000e4700000)
  to   space 55808K, 0% used [0x00000000e9580000,0x00000000e9580000,0x00000000ecc00000)
 ParOldGen       total 129024K, used 128721K [0x0000000080000000, 0x0000000087e00000, 0x00000000d5580000)
  object space 129024K, 99% used [0x0000000080000000,0x0000000087db4568,0x0000000087e00000)
 Metaspace       used 77485K, capacity 80542K, committed 82176K, reserved 1120256K
  class space    used 10403K, capacity 11023K, committed 11520K, reserved 1048576K
Event: 41.220 GC heap after
Heap after GC invocations=24 (full 9):
 PSYoungGen      total 247296K, used 47512K [0x00000000d5580000, 0x00000000ecc00000, 0x0000000100000000)
  eden space 218112K, 21% used [0x00000000d5580000,0x00000000d83e6200,0x00000000e2a80000)
  from space 29184K, 0% used [0x00000000e2a80000,0x00000000e2a80000,0x00000000e4700000)
  to   space 55808K, 0% used [0x00000000e9580000,0x00000000e9580000,0x00000000ecc00000)
 ParOldGen       total 129024K, used 128739K [0x0000000080000000, 0x0000000087e00000, 0x00000000d5580000)
  object space 129024K, 99% used [0x0000000080000000,0x0000000087db8e08,0x0000000087e00000)
 Metaspace       used 77485K, capacity 80542K, committed 82176K, reserved 1120256K
  class space    used 10403K, capacity 11023K, committed 11520K, reserved 1048576K
}

