# JRE version: OpenJDK Runtime Environment (8.0_212-b04) (build 1.8.0_212-release-1586-b04)
# Java VM: OpenJDK 64-Bit Server VM (25.212-b04 mixed mode windows-amd64 compressed oops)
Heap:
 PSYoungGen      total 287744K, used 208430K [0x00000000d5580000, 0x00000000ea980000, 0x0000000100000000)
  eden space 247808K, 84% used [0x00000000d5580000,0x00000000e210b868,0x00000000e4780000)
  from space 39936K, 0% used [0x00000000e4780000,0x00000000e4780000,0x00000000e6e80000)
  to   space 33792K, 0% used [0x00000000e6e80000,0x00000000e6e80000,0x00000000e8f80000)
 ParOldGen       total 146432K, used 146366K [0x0000000080000000, 0x0000000088f00000, 0x00000000d5580000)
  object space 146432K, 99% used [0x0000000080000000,0x0000000088eef9d0,0x0000000088f00000)
 Metaspace       used 85310K, capacity 88958K, committed 91776K, reserved 1128448K
  class space    used 11225K, capacity 11929K, committed 12672K, reserved 1048576K
GC Heap History (10 events):
Event: 100.669 GC heap before
{Heap before GC invocations=25 (full 3):
 PSYoungGen      total 287744K, used 286863K [0x00000000d5580000, 0x00000000ea980000, 0x0000000100000000)
  eden space 247808K, 100% used [0x00000000d5580000,0x00000000e4780000,0x00000000e4780000)
  from space 39936K, 97% used [0x00000000e4780000,0x00000000e6da3ca8,0x00000000e6e80000)
  to   space 33792K, 0% used [0x00000000e6e80000,0x00000000e6e80000,0x00000000e8f80000)
 ParOldGen       total 139776K, used 81353K [0x0000000080000000, 0x0000000088880000, 0x00000000d5580000)
  object space 139776K, 58% used [0x0000000080000000,0x0000000084f72738,0x0000000088880000)
 Metaspace       used 86209K, capacity 91432K, committed 91520K, reserved 1128448K
  class space    used 11607K, capacity 12622K, committed 12672K, reserved 1048576K
Event: 100.712 GC heap after
Heap after GC invocations=25 (full 3):
 PSYoungGen      total 281600K, used 33784K [0x00000000d5580000, 0x00000000ea980000, 0x0000000100000000)
  eden space 247808K, 0% used [0x00000000d5580000,0x00000000d5580000,0x00000000e4780000)
  from space 33792K, 99% used [0x00000000e6e80000,0x00000000e8f7e290,0x00000000e8f80000)
  to   space 39936K, 0% used [0x00000000e4780000,0x00000000e4780000,0x00000000e6e80000)
 ParOldGen       total 139776K, used 87158K [0x0000000080000000, 0x0000000088880000, 0x00000000d5580000)
  object space 139776K, 62% used [0x0000000080000000,0x000000008551d8b0,0x0000000088880000)
 Metaspace       used 86209K, capacity 91432K, committed 91520K, reserved 1128448K
  class space    used 11607K, capacity 12622K, committed 12672K, reserved 1048576K
}
Event: 101.714 GC heap before
{Heap before GC invocations=26 (full 3):
 PSYoungGen      total 281600K, used 281361K [0x00000000d5580000, 0x00000000ea980000, 0x0000000100000000)
  eden space 247808K, 99% used [0x00000000d5580000,0x00000000e47464a0,0x00000000e4780000)
  from space 33792K, 99% used [0x00000000e6e80000,0x00000000e8f7e290,0x00000000e8f80000)
  to   space 39936K, 0% used [0x00000000e4780000,0x00000000e4780000,0x00000000e6e80000)
 ParOldGen       total 139776K, used 87158K [0x0000000080000000, 0x0000000088880000, 0x00000000d5580000)
  object space 139776K, 62% used [0x0000000080000000,0x000000008551d8b0,0x0000000088880000)
 Metaspace       used 86256K, capacity 91432K, committed 91520K, reserved 1128448K
  class space    used 11608K, capacity 12622K, committed 12672K, reserved 1048576K
Event: 101.822 GC heap after
Heap after GC invocations=26 (full 3):
 PSYoungGen      total 287744K, used 39935K [0x00000000d5580000, 0x00000000ea980000, 0x0000000100000000)
  eden space 247808K, 0% used [0x00000000d5580000,0x00000000d5580000,0x00000000e4780000)
  from space 39936K, 99% used [0x00000000e4780000,0x00000000e6e7fdb8,0x00000000e6e80000)
  to   space 33792K, 0% used [0x00000000e6e80000,0x00000000e6e80000,0x00000000e8f80000)
 ParOldGen       total 139776K, used 114163K [0x0000000080000000, 0x0000000088880000, 0x00000000d5580000)
  object space 139776K, 81% used [0x0000000080000000,0x0000000086f7cd80,0x0000000088880000)
 Metaspace       used 86256K, capacity 91432K, committed 91520K, reserved 1128448K
  class space    used 11608K, capacity 12622K, committed 12672K, reserved 1048576K
}
Event: 103.176 GC heap before
{Heap before GC invocations=27 (full 3):
 PSYoungGen      total 287744K, used 287743K [0x00000000d5580000, 0x00000000ea980000, 0x0000000100000000)
  eden space 247808K, 100% used [0x00000000d5580000,0x00000000e4780000,0x00000000e4780000)
  from space 39936K, 99% used [0x00000000e4780000,0x00000000e6e7fdb8,0x00000000e6e80000)
  to   space 33792K, 0% used [0x00000000e6e80000,0x00000000e6e80000,0x00000000e8f80000)
 ParOldGen       total 139776K, used 114163K [0x0000000080000000, 0x0000000088880000, 0x00000000d5580000)
  object space 139776K, 81% used [0x0000000080000000,0x0000000086f7cd80,0x0000000088880000)
 Metaspace       used 86372K, capacity 91576K, committed 91776K, reserved 1128448K
  class space    used 11611K, capacity 12622K, committed 12672K, reserved 1048576K
Event: 104.142 GC heap after
Heap after GC invocations=27 (full 3):
 PSYoungGen      total 287744K, used 287743K [0x00000000d5580000, 0x00000000ea980000, 0x0000000100000000)
  eden space 247808K, 100% used [0x00000000d5580000,0x00000000e4780000,0x00000000e4780000)
  from space 39936K, 99% used [0x00000000e4780000,0x00000000e6e7fdb8,0x00000000e6e80000)
  to   space 33792K, 99% used [0x00000000e6e80000,0x00000000e8f79898,0x00000000e8f80000)
 ParOldGen       total 146432K, used 146427K [0x0000000080000000, 0x0000000088f00000, 0x00000000d5580000)
  object space 146432K, 99% used [0x0000000080000000,0x0000000088efeeb0,0x0000000088f00000)
 Metaspace       used 86372K, capacity 91576K, committed 91776K, reserved 1128448K
  class space    used 11611K, capacity 12622K, committed 12672K, reserved 1048576K
}
Event: 104.142 GC heap before
{Heap before GC invocations=28 (full 4):
 PSYoungGen      total 287744K, used 287743K [0x00000000d5580000, 0x00000000ea980000, 0x0000000100000000)
  eden space 247808K, 100% used [0x00000000d5580000,0x00000000e4780000,0x00000000e4780000)
  from space 39936K, 99% used [0x00000000e4780000,0x00000000e6e7fdb8,0x00000000e6e80000)
  to   space 33792K, 99% used [0x00000000e6e80000,0x00000000e8f79898,0x00000000e8f80000)
 ParOldGen       total 146432K, used 146427K [0x0000000080000000, 0x0000000088f00000, 0x00000000d5580000)
  object space 146432K, 99% used [0x0000000080000000,0x0000000088efeeb0,0x0000000088f00000)
 Metaspace       used 86372K, capacity 91576K, committed 91776K, reserved 1128448K
  class space    used 11611K, capacity 12622K, committed 12672K, reserved 1048576K
Event: 105.448 GC heap after
Heap after GC invocations=28 (full 4):
 PSYoungGen      total 287744K, used 0K [0x00000000d5580000, 0x00000000ea980000, 0x0000000100000000)
  eden space 247808K, 0% used [0x00000000d5580000,0x00000000d5580000,0x00000000e4780000)
  from space 39936K, 0% used [0x00000000e4780000,0x00000000e4780000,0x00000000e6e80000)
  to   space 33792K, 73% used [0x00000000e6e80000,0x00000000e86d0110,0x00000000e8f80000)
 ParOldGen       total 146432K, used 146092K [0x0000000080000000, 0x0000000088f00000, 0x00000000d5580000)
  object space 146432K, 99% used [0x0000000080000000,0x0000000088eab1d0,0x0000000088f00000)
 Metaspace       used 85268K, capacity 88882K, committed 91776K, reserved 1128448K
  class space    used 11224K, capacity 11927K, committed 12672K, reserved 1048576K
}
Event: 108.653 GC heap before
{Heap before GC invocations=29 (full 5):
 PSYoungGen      total 287744K, used 246858K [0x00000000d5580000, 0x00000000ea980000, 0x0000000100000000)
  eden space 247808K, 99% used [0x00000000d5580000,0x00000000e46929b8,0x00000000e4780000)
  from space 39936K, 0% used [0x00000000e4780000,0x00000000e4780000,0x00000000e6e80000)
  to   space 33792K, 73% used [0x00000000e6e80000,0x00000000e86d0110,0x00000000e8f80000)
 ParOldGen       total 146432K, used 146092K [0x0000000080000000, 0x0000000088f00000, 0x00000000d5580000)
  object space 146432K, 99% used [0x0000000080000000,0x0000000088eab1d0,0x0000000088f00000)
 Metaspace       used 85290K, capacity 88958K, committed 91776K, reserved 1128448K
  class space    used 11225K, capacity 11929K, committed 12672K, reserved 1048576K
Event: 110.358 GC heap after
Heap after GC invocations=29 (full 5):
 PSYoungGen      total 287744K, used 42033K [0x00000000d5580000, 0x00000000ea980000, 0x0000000100000000)
  eden space 247808K, 16% used [0x00000000d5580000,0x00000000d7e8c558,0x00000000e4780000)
  from space 39936K, 0% used [0x00000000e4780000,0x00000000e4780000,0x00000000e6e80000)
  to   space 33792K, 0% used [0x00000000e6e80000,0x00000000e6e80000,0x00000000e8f80000)
 ParOldGen       total 146432K, used 146366K [0x0000000080000000, 0x0000000088f00000, 0x00000000d5580000)
  object space 146432K, 99% used [0x0000000080000000,0x0000000088eef9d0,0x0000000088f00000)
 Metaspace       used 85290K, capacity 88958K, committed 91776K, reserved 1128448K
  class space    used 11225K, capacity 11929K, committed 12672K, reserved 1048576K
}

