# JRE version: OpenJDK Runtime Environment (8.0_212-b04) (build 1.8.0_212-release-1586-b04)
# Java VM: OpenJDK 64-Bit Server VM (25.212-b04 mixed mode windows-amd64 compressed oops)
Heap:
 PSYoungGen      total 257024K, used 175734K [0x00000000d5580000, 0x00000000ed900000, 0x0000000100000000)
  eden space 227328K, 77% used [0x00000000d5580000,0x00000000e0153ba0,0x00000000e3380000)
  from space 29696K, 0% used [0x00000000e3380000,0x00000000e3380000,0x00000000e5080000)
  to   space 57344K, 0% used [0x00000000ea100000,0x00000000ea100000,0x00000000ed900000)
 ParOldGen       total 128512K, used 126370K [0x0000000080000000, 0x0000000087d80000, 0x00000000d5580000)
  object space 128512K, 98% used [0x0000000080000000,0x0000000087b68850,0x0000000087d80000)
 Metaspace       used 76351K, capacity 79404K, committed 81024K, reserved 1118208K
  class space    used 10410K, capacity 11026K, committed 11392K, reserved 1048576K
GC Heap History (10 events):
Event: 22.899 GC heap before
{Heap before GC invocations=15 (full 3):
 PSYoungGen      total 217088K, used 2880K [0x00000000d5580000, 0x00000000e5a00000, 0x0000000100000000)
  eden space 196608K, 0% used [0x00000000d5580000,0x00000000d5580000,0x00000000e1580000)
  from space 20480K, 14% used [0x00000000e2980000,0x00000000e2c502b0,0x00000000e3d80000)
  to   space 20480K, 0% used [0x00000000e1580000,0x00000000e1580000,0x00000000e2980000)
 ParOldGen       total 82432K, used 39014K [0x0000000080000000, 0x0000000085080000, 0x00000000d5580000)
  object space 82432K, 47% used [0x0000000080000000,0x0000000082619af0,0x0000000085080000)
 Metaspace       used 57275K, capacity 58974K, committed 59096K, reserved 1099776K
  class space    used 7850K, capacity 8251K, committed 8320K, reserved 1048576K
Event: 23.429 GC heap after
Heap after GC invocations=15 (full 3):
 PSYoungGen      total 217088K, used 0K [0x00000000d5580000, 0x00000000e5a00000, 0x0000000100000000)
  eden space 196608K, 0% used [0x00000000d5580000,0x00000000d5580000,0x00000000e1580000)
  from space 20480K, 0% used [0x00000000e2980000,0x00000000e2980000,0x00000000e3d80000)
  to   space 20480K, 0% used [0x00000000e1580000,0x00000000e1580000,0x00000000e2980000)
 ParOldGen       total 128512K, used 33878K [0x0000000080000000, 0x0000000087d80000, 0x00000000d5580000)
  object space 128512K, 26% used [0x0000000080000000,0x0000000082115a28,0x0000000087d80000)
 Metaspace       used 57275K, capacity 58974K, committed 59096K, reserved 1099776K
  class space    used 7850K, capacity 8251K, committed 8320K, reserved 1048576K
}
Event: 26.881 GC heap before
{Heap before GC invocations=16 (full 3):
 PSYoungGen      total 217088K, used 196608K [0x00000000d5580000, 0x00000000e5a00000, 0x0000000100000000)
  eden space 196608K, 100% used [0x00000000d5580000,0x00000000e1580000,0x00000000e1580000)
  from space 20480K, 0% used [0x00000000e2980000,0x00000000e2980000,0x00000000e3d80000)
  to   space 20480K, 0% used [0x00000000e1580000,0x00000000e1580000,0x00000000e2980000)
 ParOldGen       total 128512K, used 33878K [0x0000000080000000, 0x0000000087d80000, 0x00000000d5580000)
  object space 128512K, 26% used [0x0000000080000000,0x0000000082115a28,0x0000000087d80000)
 Metaspace       used 62161K, capacity 64852K, committed 64896K, reserved 1105920K
  class space    used 8519K, capacity 9056K, committed 9088K, reserved 1048576K
Event: 26.911 GC heap after
Heap after GC invocations=16 (full 3):
 PSYoungGen      total 217088K, used 18702K [0x00000000d5580000, 0x00000000e6700000, 0x0000000100000000)
  eden space 196608K, 0% used [0x00000000d5580000,0x00000000d5580000,0x00000000e1580000)
  from space 20480K, 91% used [0x00000000e1580000,0x00000000e27c3a28,0x00000000e2980000)
  to   space 23040K, 0% used [0x00000000e5080000,0x00000000e5080000,0x00000000e6700000)
 ParOldGen       total 128512K, used 33886K [0x0000000080000000, 0x0000000087d80000, 0x00000000d5580000)
  object space 128512K, 26% used [0x0000000080000000,0x0000000082117a28,0x0000000087d80000)
 Metaspace       used 62161K, capacity 64852K, committed 64896K, reserved 1105920K
  class space    used 8519K, capacity 9056K, committed 9088K, reserved 1048576K
}
Event: 29.953 GC heap before
{Heap before GC invocations=17 (full 3):
 PSYoungGen      total 217088K, used 215310K [0x00000000d5580000, 0x00000000e6700000, 0x0000000100000000)
  eden space 196608K, 100% used [0x00000000d5580000,0x00000000e1580000,0x00000000e1580000)
  from space 20480K, 91% used [0x00000000e1580000,0x00000000e27c3a28,0x00000000e2980000)
  to   space 23040K, 0% used [0x00000000e5080000,0x00000000e5080000,0x00000000e6700000)
 ParOldGen       total 128512K, used 33886K [0x0000000080000000, 0x0000000087d80000, 0x00000000d5580000)
  object space 128512K, 26% used [0x0000000080000000,0x0000000082117a28,0x0000000087d80000)
 Metaspace       used 67226K, capacity 70052K, committed 70272K, reserved 1110016K
  class space    used 9200K, capacity 9772K, committed 9856K, reserved 1048576K
Event: 30.009 GC heap after
Heap after GC invocations=17 (full 3):
 PSYoungGen      total 250368K, used 23037K [0x00000000d5580000, 0x00000000e7480000, 0x0000000100000000)
  eden space 227328K, 0% used [0x00000000d5580000,0x00000000d5580000,0x00000000e3380000)
  from space 23040K, 99% used [0x00000000e5080000,0x00000000e66ff520,0x00000000e6700000)
  to   space 29696K, 0% used [0x00000000e3380000,0x00000000e3380000,0x00000000e5080000)
 ParOldGen       total 128512K, used 42453K [0x0000000080000000, 0x0000000087d80000, 0x00000000d5580000)
  object space 128512K, 33% used [0x0000000080000000,0x0000000082975528,0x0000000087d80000)
 Metaspace       used 67226K, capacity 70052K, committed 70272K, reserved 1110016K
  class space    used 9200K, capacity 9772K, committed 9856K, reserved 1048576K
}
Event: 32.342 GC heap before
{Heap before GC invocations=18 (full 3):
 PSYoungGen      total 250368K, used 250365K [0x00000000d5580000, 0x00000000e7480000, 0x0000000100000000)
  eden space 227328K, 100% used [0x00000000d5580000,0x00000000e3380000,0x00000000e3380000)
  from space 23040K, 99% used [0x00000000e5080000,0x00000000e66ff520,0x00000000e6700000)
  to   space 29696K, 0% used [0x00000000e3380000,0x00000000e3380000,0x00000000e5080000)
 ParOldGen       total 128512K, used 42453K [0x0000000080000000, 0x0000000087d80000, 0x00000000d5580000)
  object space 128512K, 33% used [0x0000000080000000,0x0000000082975528,0x0000000087d80000)
 Metaspace       used 75730K, capacity 79640K, committed 79872K, reserved 1118208K
  class space    used 10457K, capacity 11256K, committed 11264K, reserved 1048576K
Event: 32.453 GC heap after
Heap after GC invocations=18 (full 3):
 PSYoungGen      total 257024K, used 29689K [0x00000000d5580000, 0x00000000ed900000, 0x0000000100000000)
  eden space 227328K, 0% used [0x00000000d5580000,0x00000000d5580000,0x00000000e3380000)
  from space 29696K, 99% used [0x00000000e3380000,0x00000000e507e4e0,0x00000000e5080000)
  to   space 57344K, 0% used [0x00000000ea100000,0x00000000ea100000,0x00000000ed900000)
 ParOldGen       total 128512K, used 104776K [0x0000000080000000, 0x0000000087d80000, 0x00000000d5580000)
  object space 128512K, 81% used [0x0000000080000000,0x0000000086652158,0x0000000087d80000)
 Metaspace       used 75730K, capacity 79640K, committed 79872K, reserved 1118208K
  class space    used 10457K, capacity 11256K, committed 11264K, reserved 1048576K
}
Event: 32.453 GC heap before
{Heap before GC invocations=19 (full 4):
 PSYoungGen      total 257024K, used 29689K [0x00000000d5580000, 0x00000000ed900000, 0x0000000100000000)
  eden space 227328K, 0% used [0x00000000d5580000,0x00000000d5580000,0x00000000e3380000)
  from space 29696K, 99% used [0x00000000e3380000,0x00000000e507e4e0,0x00000000e5080000)
  to   space 57344K, 0% used [0x00000000ea100000,0x00000000ea100000,0x00000000ed900000)
 ParOldGen       total 128512K, used 104776K [0x0000000080000000, 0x0000000087d80000, 0x00000000d5580000)
  object space 128512K, 81% used [0x0000000080000000,0x0000000086652158,0x0000000087d80000)
 Metaspace       used 75730K, capacity 79640K, committed 79872K, reserved 1118208K
  class space    used 10457K, capacity 11256K, committed 11264K, reserved 1048576K
Event: 33.089 GC heap after
Heap after GC invocations=19 (full 4):
 PSYoungGen      total 257024K, used 0K [0x00000000d5580000, 0x00000000ed900000, 0x0000000100000000)
  eden space 227328K, 0% used [0x00000000d5580000,0x00000000d5580000,0x00000000e3380000)
  from space 29696K, 0% used [0x00000000e3380000,0x00000000e3380000,0x00000000e5080000)
  to   space 57344K, 0% used [0x00000000ea100000,0x00000000ea100000,0x00000000ed900000)
 ParOldGen       total 128512K, used 126370K [0x0000000080000000, 0x0000000087d80000, 0x00000000d5580000)
  object space 128512K, 98% used [0x0000000080000000,0x0000000087b68850,0x0000000087d80000)
 Metaspace       used 75099K, capacity 78078K, committed 79872K, reserved 1118208K
  class space    used 10240K, capacity 10867K, committed 11264K, reserved 1048576K
}

