# JRE version: OpenJDK Runtime Environment (8.0_212-b04) (build 1.8.0_212-release-1586-b04)
# Java VM: OpenJDK 64-Bit Server VM (25.212-b04 mixed mode windows-amd64 compressed oops)
Heap:
 PSYoungGen      total 198144K, used 65753K [0x00000000d5580000, 0x00000000e5080000, 0x0000000100000000)
  eden space 178176K, 25% used [0x00000000d5580000,0x00000000d8236728,0x00000000e0380000)
  from space 19968K, 99% used [0x00000000e2280000,0x00000000e35ffe40,0x00000000e3600000)
  to   space 31744K, 0% used [0x00000000e0380000,0x00000000e0380000,0x00000000e2280000)
 ParOldGen       total 148992K, used 59220K [0x0000000080000000, 0x0000000089180000, 0x00000000d5580000)
  object space 148992K, 39% used [0x0000000080000000,0x00000000839d5148,0x0000000089180000)
 Metaspace       used 70599K, capacity 73694K, committed 73984K, reserved 1112064K
  class space    used 9780K, capacity 10415K, committed 10496K, reserved 1048576K
GC Heap History (10 events):
Event: 9.292 GC heap before
{Heap before GC invocations=13 (full 2):
 PSYoungGen      total 141312K, used 141303K [0x00000000d5580000, 0x00000000df300000, 0x0000000100000000)
  eden space 128512K, 100% used [0x00000000d5580000,0x00000000dd300000,0x00000000dd300000)
  from space 12800K, 99% used [0x00000000de680000,0x00000000df2fdd58,0x00000000df300000)
  to   space 14336K, 0% used [0x00000000dd700000,0x00000000dd700000,0x00000000de500000)
 ParOldGen       total 95744K, used 17994K [0x0000000080000000, 0x0000000085d80000, 0x00000000d5580000)
  object space 95744K, 18% used [0x0000000080000000,0x0000000081192aa0,0x0000000085d80000)
 Metaspace       used 53652K, capacity 55282K, committed 55424K, reserved 1097728K
  class space    used 7294K, capacity 7707K, committed 7808K, reserved 1048576K
Event: 9.309 GC heap after
Heap after GC invocations=13 (full 2):
 PSYoungGen      total 146944K, used 14332K [0x00000000d5580000, 0x00000000e1780000, 0x0000000100000000)
  eden space 132608K, 0% used [0x00000000d5580000,0x00000000d5580000,0x00000000dd700000)
  from space 14336K, 99% used [0x00000000dd700000,0x00000000de4ff320,0x00000000de500000)
  to   space 18432K, 0% used [0x00000000e0580000,0x00000000e0580000,0x00000000e1780000)
 ParOldGen       total 95744K, used 24739K [0x0000000080000000, 0x0000000085d80000, 0x00000000d5580000)
  object space 95744K, 25% used [0x0000000080000000,0x0000000081828cd8,0x0000000085d80000)
 Metaspace       used 53652K, capacity 55282K, committed 55424K, reserved 1097728K
  class space    used 7294K, capacity 7707K, committed 7808K, reserved 1048576K
}
Event: 10.015 GC heap before
{Heap before GC invocations=14 (full 2):
 PSYoungGen      total 146944K, used 76876K [0x00000000d5580000, 0x00000000e1780000, 0x0000000100000000)
  eden space 132608K, 47% used [0x00000000d5580000,0x00000000d9294018,0x00000000dd700000)
  from space 14336K, 99% used [0x00000000dd700000,0x00000000de4ff320,0x00000000de500000)
  to   space 18432K, 0% used [0x00000000e0580000,0x00000000e0580000,0x00000000e1780000)
 ParOldGen       total 95744K, used 24739K [0x0000000080000000, 0x0000000085d80000, 0x00000000d5580000)
  object space 95744K, 25% used [0x0000000080000000,0x0000000081828cd8,0x0000000085d80000)
 Metaspace       used 57283K, capacity 58978K, committed 59096K, reserved 1099776K
  class space    used 7857K, capacity 8251K, committed 8320K, reserved 1048576K
Event: 10.040 GC heap after
Heap after GC invocations=14 (full 2):
 PSYoungGen      total 180224K, used 5646K [0x00000000d5580000, 0x00000000e2300000, 0x0000000100000000)
  eden space 161792K, 0% used [0x00000000d5580000,0x00000000d5580000,0x00000000df380000)
  from space 18432K, 30% used [0x00000000e0580000,0x00000000e0b038a0,0x00000000e1780000)
  to   space 18432K, 0% used [0x00000000df380000,0x00000000df380000,0x00000000e0580000)
 ParOldGen       total 95744K, used 38770K [0x0000000080000000, 0x0000000085d80000, 0x00000000d5580000)
  object space 95744K, 40% used [0x0000000080000000,0x00000000825dcad0,0x0000000085d80000)
 Metaspace       used 57283K, capacity 58978K, committed 59096K, reserved 1099776K
  class space    used 7857K, capacity 8251K, committed 8320K, reserved 1048576K
}
Event: 10.040 GC heap before
{Heap before GC invocations=15 (full 3):
 PSYoungGen      total 180224K, used 5646K [0x00000000d5580000, 0x00000000e2300000, 0x0000000100000000)
  eden space 161792K, 0% used [0x00000000d5580000,0x00000000d5580000,0x00000000df380000)
  from space 18432K, 30% used [0x00000000e0580000,0x00000000e0b038a0,0x00000000e1780000)
  to   space 18432K, 0% used [0x00000000df380000,0x00000000df380000,0x00000000e0580000)
 ParOldGen       total 95744K, used 38770K [0x0000000080000000, 0x0000000085d80000, 0x00000000d5580000)
  object space 95744K, 40% used [0x0000000080000000,0x00000000825dcad0,0x0000000085d80000)
 Metaspace       used 57283K, capacity 58978K, committed 59096K, reserved 1099776K
  class space    used 7857K, capacity 8251K, committed 8320K, reserved 1048576K
Event: 10.358 GC heap after
Heap after GC invocations=15 (full 3):
 PSYoungGen      total 180224K, used 0K [0x00000000d5580000, 0x00000000e2300000, 0x0000000100000000)
  eden space 161792K, 0% used [0x00000000d5580000,0x00000000d5580000,0x00000000df380000)
  from space 18432K, 0% used [0x00000000e0580000,0x00000000e0580000,0x00000000e1780000)
  to   space 18432K, 0% used [0x00000000df380000,0x00000000df380000,0x00000000e0580000)
 ParOldGen       total 148992K, used 34280K [0x0000000080000000, 0x0000000089180000, 0x00000000d5580000)
  object space 148992K, 23% used [0x0000000080000000,0x000000008217a030,0x0000000089180000)
 Metaspace       used 57283K, capacity 58978K, committed 59096K, reserved 1099776K
  class space    used 7857K, capacity 8251K, committed 8320K, reserved 1048576K
}
Event: 12.222 GC heap before
{Heap before GC invocations=16 (full 3):
 PSYoungGen      total 180224K, used 161792K [0x00000000d5580000, 0x00000000e2300000, 0x0000000100000000)
  eden space 161792K, 100% used [0x00000000d5580000,0x00000000df380000,0x00000000df380000)
  from space 18432K, 0% used [0x00000000e0580000,0x00000000e0580000,0x00000000e1780000)
  to   space 18432K, 0% used [0x00000000df380000,0x00000000df380000,0x00000000e0580000)
 ParOldGen       total 148992K, used 34280K [0x0000000080000000, 0x0000000089180000, 0x00000000d5580000)
  object space 148992K, 23% used [0x0000000080000000,0x000000008217a030,0x0000000089180000)
 Metaspace       used 61812K, capacity 64510K, committed 64640K, reserved 1105920K
  class space    used 8503K, capacity 9067K, committed 9088K, reserved 1048576K
Event: 12.239 GC heap after
Heap after GC invocations=16 (full 3):
 PSYoungGen      total 180224K, used 15578K [0x00000000d5580000, 0x00000000e3600000, 0x0000000100000000)
  eden space 161792K, 0% used [0x00000000d5580000,0x00000000d5580000,0x00000000df380000)
  from space 18432K, 84% used [0x00000000df380000,0x00000000e02b6a70,0x00000000e0580000)
  to   space 19968K, 0% used [0x00000000e2280000,0x00000000e2280000,0x00000000e3600000)
 ParOldGen       total 148992K, used 34288K [0x0000000080000000, 0x0000000089180000, 0x00000000d5580000)
  object space 148992K, 23% used [0x0000000080000000,0x000000008217c030,0x0000000089180000)
 Metaspace       used 61812K, capacity 64510K, committed 64640K, reserved 1105920K
  class space    used 8503K, capacity 9067K, committed 9088K, reserved 1048576K
}
Event: 13.739 GC heap before
{Heap before GC invocations=17 (full 3):
 PSYoungGen      total 180224K, used 177370K [0x00000000d5580000, 0x00000000e3600000, 0x0000000100000000)
  eden space 161792K, 100% used [0x00000000d5580000,0x00000000df380000,0x00000000df380000)
  from space 18432K, 84% used [0x00000000df380000,0x00000000e02b6a70,0x00000000e0580000)
  to   space 19968K, 0% used [0x00000000e2280000,0x00000000e2280000,0x00000000e3600000)
 ParOldGen       total 148992K, used 34288K [0x0000000080000000, 0x0000000089180000, 0x00000000d5580000)
  object space 148992K, 23% used [0x0000000080000000,0x000000008217c030,0x0000000089180000)
 Metaspace       used 69029K, capacity 71928K, committed 72064K, reserved 1112064K
  class space    used 9487K, capacity 10100K, committed 10112K, reserved 1048576K
Event: 13.780 GC heap after
Heap after GC invocations=17 (full 3):
 PSYoungGen      total 198144K, used 19967K [0x00000000d5580000, 0x00000000e5080000, 0x0000000100000000)
  eden space 178176K, 0% used [0x00000000d5580000,0x00000000d5580000,0x00000000e0380000)
  from space 19968K, 99% used [0x00000000e2280000,0x00000000e35ffe40,0x00000000e3600000)
  to   space 31744K, 0% used [0x00000000e0380000,0x00000000e0380000,0x00000000e2280000)
 ParOldGen       total 148992K, used 59220K [0x0000000080000000, 0x0000000089180000, 0x00000000d5580000)
  object space 148992K, 39% used [0x0000000080000000,0x00000000839d5148,0x0000000089180000)
 Metaspace       used 69029K, capacity 71928K, committed 72064K, reserved 1112064K
  class space    used 9487K, capacity 10100K, committed 10112K, reserved 1048576K
}

