# JRE version: OpenJDK Runtime Environment (8.0_212-b04) (build 1.8.0_212-release-1586-b04)
# Java VM: OpenJDK 64-Bit Server VM (25.212-b04 mixed mode windows-amd64 compressed oops)
Heap:
 PSYoungGen      total 186880K, used 141570K [0x00000000d5580000, 0x00000000e3d00000, 0x0000000100000000)
  eden space 167936K, 74% used [0x00000000d5580000,0x00000000dd0378f8,0x00000000df980000)
  from space 18944K, 83% used [0x00000000df980000,0x00000000e09092c8,0x00000000e0c00000)
  to   space 20480K, 0% used [0x00000000e2900000,0x00000000e2900000,0x00000000e3d00000)
 ParOldGen       total 144896K, used 34056K [0x0000000080000000, 0x0000000088d80000, 0x00000000d5580000)
  object space 144896K, 23% used [0x0000000080000000,0x0000000082142370,0x0000000088d80000)
 Metaspace       used 68402K, capacity 71366K, committed 71552K, reserved 1110016K
  class space    used 9394K, capacity 10001K, committed 10112K, reserved 1048576K
GC Heap History (10 events):
Event: 7.557 GC heap before
{Heap before GC invocations=12 (full 2):
 PSYoungGen      total 117760K, used 105804K [0x00000000d5580000, 0x00000000dfc80000, 0x0000000100000000)
  eden space 105984K, 99% used [0x00000000d5580000,0x00000000dbcd32f8,0x00000000dbd00000)
  from space 11776K, 0% used [0x00000000dbd00000,0x00000000dbd00000,0x00000000dc880000)
  to   space 12800K, 0% used [0x00000000df000000,0x00000000df000000,0x00000000dfc80000)
 ParOldGen       total 94208K, used 17678K [0x0000000080000000, 0x0000000085c00000, 0x00000000d5580000)
  object space 94208K, 18% used [0x0000000080000000,0x0000000081143850,0x0000000085c00000)
 Metaspace       used 44676K, capacity 45860K, committed 46080K, reserved 1089536K
  class space    used 6023K, capacity 6320K, committed 6400K, reserved 1048576K
Event: 7.572 GC heap after
Heap after GC invocations=12 (full 2):
 PSYoungGen      total 146432K, used 12772K [0x00000000d5580000, 0x00000000dfc80000, 0x0000000100000000)
  eden space 133632K, 0% used [0x00000000d5580000,0x00000000d5580000,0x00000000dd800000)
  from space 12800K, 99% used [0x00000000df000000,0x00000000dfc790b0,0x00000000dfc80000)
  to   space 14848K, 0% used [0x00000000ddf80000,0x00000000ddf80000,0x00000000dee00000)
 ParOldGen       total 94208K, used 19246K [0x0000000080000000, 0x0000000085c00000, 0x00000000d5580000)
  object space 94208K, 20% used [0x0000000080000000,0x00000000812cb878,0x0000000085c00000)
 Metaspace       used 44676K, capacity 45860K, committed 46080K, reserved 1089536K
  class space    used 6023K, capacity 6320K, committed 6400K, reserved 1048576K
}
Event: 9.221 GC heap before
{Heap before GC invocations=13 (full 2):
 PSYoungGen      total 146432K, used 146404K [0x00000000d5580000, 0x00000000dfc80000, 0x0000000100000000)
  eden space 133632K, 100% used [0x00000000d5580000,0x00000000dd800000,0x00000000dd800000)
  from space 12800K, 99% used [0x00000000df000000,0x00000000dfc790b0,0x00000000dfc80000)
  to   space 14848K, 0% used [0x00000000ddf80000,0x00000000ddf80000,0x00000000dee00000)
 ParOldGen       total 94208K, used 19246K [0x0000000080000000, 0x0000000085c00000, 0x00000000d5580000)
  object space 94208K, 20% used [0x0000000080000000,0x00000000812cb878,0x0000000085c00000)
 Metaspace       used 54012K, capacity 55700K, committed 55936K, reserved 1097728K
  class space    used 7349K, capacity 7735K, committed 7808K, reserved 1048576K
Event: 9.242 GC heap after
Heap after GC invocations=13 (full 2):
 PSYoungGen      total 156160K, used 14835K [0x00000000d5580000, 0x00000000e1e80000, 0x0000000100000000)
  eden space 141312K, 0% used [0x00000000d5580000,0x00000000d5580000,0x00000000ddf80000)
  from space 14848K, 99% used [0x00000000ddf80000,0x00000000dedfcea0,0x00000000dee00000)
  to   space 18944K, 0% used [0x00000000e0c00000,0x00000000e0c00000,0x00000000e1e80000)
 ParOldGen       total 94208K, used 25773K [0x0000000080000000, 0x0000000085c00000, 0x00000000d5580000)
  object space 94208K, 27% used [0x0000000080000000,0x000000008192b6f8,0x0000000085c00000)
 Metaspace       used 54012K, capacity 55700K, committed 55936K, reserved 1097728K
  class space    used 7349K, capacity 7735K, committed 7808K, reserved 1048576K
}
Event: 9.845 GC heap before
{Heap before GC invocations=14 (full 2):
 PSYoungGen      total 156160K, used 69524K [0x00000000d5580000, 0x00000000e1e80000, 0x0000000100000000)
  eden space 141312K, 38% used [0x00000000d5580000,0x00000000d8ae83a8,0x00000000ddf80000)
  from space 14848K, 99% used [0x00000000ddf80000,0x00000000dedfcea0,0x00000000dee00000)
  to   space 18944K, 0% used [0x00000000e0c00000,0x00000000e0c00000,0x00000000e1e80000)
 ParOldGen       total 94208K, used 25773K [0x0000000080000000, 0x0000000085c00000, 0x00000000d5580000)
  object space 94208K, 27% used [0x0000000080000000,0x000000008192b6f8,0x0000000085c00000)
 Metaspace       used 57291K, capacity 58982K, committed 59096K, reserved 1099776K
  class space    used 7856K, capacity 8251K, committed 8320K, reserved 1048576K
Event: 9.860 GC heap after
Heap after GC invocations=14 (full 2):
 PSYoungGen      total 186880K, used 4898K [0x00000000d5580000, 0x00000000e2c00000, 0x0000000100000000)
  eden space 167936K, 0% used [0x00000000d5580000,0x00000000d5580000,0x00000000df980000)
  from space 18944K, 25% used [0x00000000e0c00000,0x00000000e10c8bc8,0x00000000e1e80000)
  to   space 18944K, 0% used [0x00000000df980000,0x00000000df980000,0x00000000e0c00000)
 ParOldGen       total 94208K, used 34113K [0x0000000080000000, 0x0000000085c00000, 0x00000000d5580000)
  object space 94208K, 36% used [0x0000000080000000,0x00000000821504c8,0x0000000085c00000)
 Metaspace       used 57291K, capacity 58982K, committed 59096K, reserved 1099776K
  class space    used 7856K, capacity 8251K, committed 8320K, reserved 1048576K
}
Event: 9.860 GC heap before
{Heap before GC invocations=15 (full 3):
 PSYoungGen      total 186880K, used 4898K [0x00000000d5580000, 0x00000000e2c00000, 0x0000000100000000)
  eden space 167936K, 0% used [0x00000000d5580000,0x00000000d5580000,0x00000000df980000)
  from space 18944K, 25% used [0x00000000e0c00000,0x00000000e10c8bc8,0x00000000e1e80000)
  to   space 18944K, 0% used [0x00000000df980000,0x00000000df980000,0x00000000e0c00000)
 ParOldGen       total 94208K, used 34113K [0x0000000080000000, 0x0000000085c00000, 0x00000000d5580000)
  object space 94208K, 36% used [0x0000000080000000,0x00000000821504c8,0x0000000085c00000)
 Metaspace       used 57291K, capacity 58982K, committed 59096K, reserved 1099776K
  class space    used 7856K, capacity 8251K, committed 8320K, reserved 1048576K
Event: 10.136 GC heap after
Heap after GC invocations=15 (full 3):
 PSYoungGen      total 186880K, used 0K [0x00000000d5580000, 0x00000000e2c00000, 0x0000000100000000)
  eden space 167936K, 0% used [0x00000000d5580000,0x00000000d5580000,0x00000000df980000)
  from space 18944K, 0% used [0x00000000e0c00000,0x00000000e0c00000,0x00000000e1e80000)
  to   space 18944K, 0% used [0x00000000df980000,0x00000000df980000,0x00000000e0c00000)
 ParOldGen       total 144896K, used 34048K [0x0000000080000000, 0x0000000088d80000, 0x00000000d5580000)
  object space 144896K, 23% used [0x0000000080000000,0x0000000082140370,0x0000000088d80000)
 Metaspace       used 57291K, capacity 58982K, committed 59096K, reserved 1099776K
  class space    used 7856K, capacity 8251K, committed 8320K, reserved 1048576K
}
Event: 12.058 GC heap before
{Heap before GC invocations=16 (full 3):
 PSYoungGen      total 186880K, used 167936K [0x00000000d5580000, 0x00000000e2c00000, 0x0000000100000000)
  eden space 167936K, 100% used [0x00000000d5580000,0x00000000df980000,0x00000000df980000)
  from space 18944K, 0% used [0x00000000e0c00000,0x00000000e0c00000,0x00000000e1e80000)
  to   space 18944K, 0% used [0x00000000df980000,0x00000000df980000,0x00000000e0c00000)
 ParOldGen       total 144896K, used 34048K [0x0000000080000000, 0x0000000088d80000, 0x00000000d5580000)
  object space 144896K, 23% used [0x0000000080000000,0x0000000082140370,0x0000000088d80000)
 Metaspace       used 62121K, capacity 64918K, committed 65024K, reserved 1105920K
  class space    used 8564K, capacity 9145K, committed 9216K, reserved 1048576K
Event: 12.077 GC heap after
Heap after GC invocations=16 (full 3):
 PSYoungGen      total 186880K, used 15908K [0x00000000d5580000, 0x00000000e3d00000, 0x0000000100000000)
  eden space 167936K, 0% used [0x00000000d5580000,0x00000000d5580000,0x00000000df980000)
  from space 18944K, 83% used [0x00000000df980000,0x00000000e09092c8,0x00000000e0c00000)
  to   space 20480K, 0% used [0x00000000e2900000,0x00000000e2900000,0x00000000e3d00000)
 ParOldGen       total 144896K, used 34056K [0x0000000080000000, 0x0000000088d80000, 0x00000000d5580000)
  object space 144896K, 23% used [0x0000000080000000,0x0000000082142370,0x0000000088d80000)
 Metaspace       used 62121K, capacity 64918K, committed 65024K, reserved 1105920K
  class space    used 8564K, capacity 9145K, committed 9216K, reserved 1048576K
}

