# JRE version: OpenJDK Runtime Environment (8.0_212-b04) (build 1.8.0_212-release-1586-b04)
# Java VM: OpenJDK 64-Bit Server VM (25.212-b04 mixed mode windows-amd64 compressed oops)
Heap:
 PSYoungGen      total 469504K, used 126619K [0x00000000d5580000, 0x00000000f9300000, 0x0000000100000000)
  eden space 377856K, 22% used [0x00000000d5580000,0x00000000da9349d8,0x00000000ec680000)
  from space 91648K, 44% used [0x00000000ec680000,0x00000000eee72390,0x00000000f2000000)
  to   space 87552K, 0% used [0x00000000f3d80000,0x00000000f3d80000,0x00000000f9300000)
 ParOldGen       total 213504K, used 152687K [0x0000000080000000, 0x000000008d080000, 0x00000000d5580000)
  object space 213504K, 71% used [0x0000000080000000,0x000000008951be28,0x000000008d080000)
 Metaspace       used 91795K, capacity 97360K, committed 97408K, reserved 1134592K
  class space    used 11916K, capacity 12880K, committed 12928K, reserved 1048576K
GC Heap History (10 events):
Event: 1628.934 GC heap before
{Heap before GC invocations=27 (full 4):
 PSYoungGen      total 350720K, used 329208K [0x00000000d5580000, 0x00000000eed00000, 0x0000000100000000)
  eden space 300544K, 100% used [0x00000000d5580000,0x00000000e7b00000,0x00000000e7b00000)
  from space 50176K, 57% used [0x00000000ebc00000,0x00000000ed7fe120,0x00000000eed00000)
  to   space 58368K, 0% used [0x00000000e7b00000,0x00000000e7b00000,0x00000000eb400000)
 ParOldGen       total 213504K, used 95481K [0x0000000080000000, 0x000000008d080000, 0x00000000d5580000)
  object space 213504K, 44% used [0x0000000080000000,0x0000000085d3e788,0x000000008d080000)
 Metaspace       used 91196K, capacity 96662K, committed 96896K, reserved 1132544K
  class space    used 11907K, capacity 12867K, committed 12928K, reserved 1048576K
Event: 1629.006 GC heap after
Heap after GC invocations=27 (full 4):
 PSYoungGen      total 358912K, used 58347K [0x00000000d5580000, 0x00000000f3c00000, 0x0000000100000000)
  eden space 300544K, 0% used [0x00000000d5580000,0x00000000d5580000,0x00000000e7b00000)
  from space 58368K, 99% used [0x00000000e7b00000,0x00000000eb3fad20,0x00000000eb400000)
  to   space 74752K, 0% used [0x00000000ef300000,0x00000000ef300000,0x00000000f3c00000)
 ParOldGen       total 213504K, used 114301K [0x0000000080000000, 0x000000008d080000, 0x00000000d5580000)
  object space 213504K, 53% used [0x0000000080000000,0x0000000086f9f6d0,0x000000008d080000)
 Metaspace       used 91196K, capacity 96662K, committed 96896K, reserved 1132544K
  class space    used 11907K, capacity 12867K, committed 12928K, reserved 1048576K
}
Event: 2100.216 GC heap before
{Heap before GC invocations=28 (full 4):
 PSYoungGen      total 358912K, used 358891K [0x00000000d5580000, 0x00000000f3c00000, 0x0000000100000000)
  eden space 300544K, 100% used [0x00000000d5580000,0x00000000e7b00000,0x00000000e7b00000)
  from space 58368K, 99% used [0x00000000e7b00000,0x00000000eb3fad20,0x00000000eb400000)
  to   space 74752K, 0% used [0x00000000ef300000,0x00000000ef300000,0x00000000f3c00000)
 ParOldGen       total 213504K, used 114301K [0x0000000080000000, 0x000000008d080000, 0x00000000d5580000)
  object space 213504K, 53% used [0x0000000080000000,0x0000000086f9f6d0,0x000000008d080000)
 Metaspace       used 91385K, capacity 96928K, committed 97152K, reserved 1134592K
  class space    used 11913K, capacity 12876K, committed 12928K, reserved 1048576K
Event: 2100.270 GC heap after
Heap after GC invocations=28 (full 4):
 PSYoungGen      total 404992K, used 37235K [0x00000000d5580000, 0x00000000f3200000, 0x0000000100000000)
  eden space 340480K, 0% used [0x00000000d5580000,0x00000000d5580000,0x00000000ea200000)
  from space 64512K, 57% used [0x00000000ef300000,0x00000000f175cf88,0x00000000f3200000)
  to   space 73728K, 0% used [0x00000000ea200000,0x00000000ea200000,0x00000000eea00000)
 ParOldGen       total 213504K, used 117782K [0x0000000080000000, 0x000000008d080000, 0x00000000d5580000)
  object space 213504K, 55% used [0x0000000080000000,0x0000000087305980,0x000000008d080000)
 Metaspace       used 91385K, capacity 96928K, committed 97152K, reserved 1134592K
  class space    used 11913K, capacity 12876K, committed 12928K, reserved 1048576K
}
Event: 2102.459 GC heap before
{Heap before GC invocations=29 (full 4):
 PSYoungGen      total 404992K, used 377664K [0x00000000d5580000, 0x00000000f3200000, 0x0000000100000000)
  eden space 340480K, 99% used [0x00000000d5580000,0x00000000ea1f30c0,0x00000000ea200000)
  from space 64512K, 57% used [0x00000000ef300000,0x00000000f175cf88,0x00000000f3200000)
  to   space 73728K, 0% used [0x00000000ea200000,0x00000000ea200000,0x00000000eea00000)
 ParOldGen       total 213504K, used 117782K [0x0000000080000000, 0x000000008d080000, 0x00000000d5580000)
  object space 213504K, 55% used [0x0000000080000000,0x0000000087305980,0x000000008d080000)
 Metaspace       used 91507K, capacity 97072K, committed 97152K, reserved 1134592K
  class space    used 11913K, capacity 12876K, committed 12928K, reserved 1048576K
Event: 2102.552 GC heap after
Heap after GC invocations=29 (full 4):
 PSYoungGen      total 414208K, used 73713K [0x00000000d5580000, 0x00000000f8380000, 0x0000000100000000)
  eden space 340480K, 0% used [0x00000000d5580000,0x00000000d5580000,0x00000000ea200000)
  from space 73728K, 99% used [0x00000000ea200000,0x00000000ee9fc618,0x00000000eea00000)
  to   space 93184K, 0% used [0x00000000f2880000,0x00000000f2880000,0x00000000f8380000)
 ParOldGen       total 213504K, used 138283K [0x0000000080000000, 0x000000008d080000, 0x00000000d5580000)
  object space 213504K, 64% used [0x0000000080000000,0x000000008870aca0,0x000000008d080000)
 Metaspace       used 91507K, capacity 97072K, committed 97152K, reserved 1134592K
  class space    used 11913K, capacity 12876K, committed 12928K, reserved 1048576K
}
Event: 2338.566 GC heap before
{Heap before GC invocations=30 (full 4):
 PSYoungGen      total 414208K, used 414193K [0x00000000d5580000, 0x00000000f8380000, 0x0000000100000000)
  eden space 340480K, 100% used [0x00000000d5580000,0x00000000ea200000,0x00000000ea200000)
  from space 73728K, 99% used [0x00000000ea200000,0x00000000ee9fc618,0x00000000eea00000)
  to   space 93184K, 0% used [0x00000000f2880000,0x00000000f2880000,0x00000000f8380000)
 ParOldGen       total 213504K, used 138283K [0x0000000080000000, 0x000000008d080000, 0x00000000d5580000)
  object space 213504K, 64% used [0x0000000080000000,0x000000008870aca0,0x000000008d080000)
 Metaspace       used 91664K, capacity 97150K, committed 97408K, reserved 1134592K
  class space    used 11915K, capacity 12877K, committed 12928K, reserved 1048576K
Event: 2338.645 GC heap after
Heap after GC invocations=30 (full 4):
 PSYoungGen      total 460800K, used 46977K [0x00000000d5580000, 0x00000000f7980000, 0x0000000100000000)
  eden space 377856K, 0% used [0x00000000d5580000,0x00000000d5580000,0x00000000ec680000)
  from space 82944K, 56% used [0x00000000f2880000,0x00000000f56604d8,0x00000000f7980000)
  to   space 91648K, 0% used [0x00000000ec680000,0x00000000ec680000,0x00000000f2000000)
 ParOldGen       total 213504K, used 152679K [0x0000000080000000, 0x000000008d080000, 0x00000000d5580000)
  object space 213504K, 71% used [0x0000000080000000,0x0000000089519e28,0x000000008d080000)
 Metaspace       used 91664K, capacity 97150K, committed 97408K, reserved 1134592K
  class space    used 11915K, capacity 12877K, committed 12928K, reserved 1048576K
}
Event: 2763.426 GC heap before
{Heap before GC invocations=31 (full 4):
 PSYoungGen      total 460800K, used 424833K [0x00000000d5580000, 0x00000000f7980000, 0x0000000100000000)
  eden space 377856K, 100% used [0x00000000d5580000,0x00000000ec680000,0x00000000ec680000)
  from space 82944K, 56% used [0x00000000f2880000,0x00000000f56604d8,0x00000000f7980000)
  to   space 91648K, 0% used [0x00000000ec680000,0x00000000ec680000,0x00000000f2000000)
 ParOldGen       total 213504K, used 152679K [0x0000000080000000, 0x000000008d080000, 0x00000000d5580000)
  object space 213504K, 71% used [0x0000000080000000,0x0000000089519e28,0x000000008d080000)
 Metaspace       used 91751K, capacity 97284K, committed 97408K, reserved 1134592K
  class space    used 11915K, capacity 12878K, committed 12928K, reserved 1048576K
Event: 2763.521 GC heap after
Heap after GC invocations=31 (full 4):
 PSYoungGen      total 469504K, used 40904K [0x00000000d5580000, 0x00000000f9300000, 0x0000000100000000)
  eden space 377856K, 0% used [0x00000000d5580000,0x00000000d5580000,0x00000000ec680000)
  from space 91648K, 44% used [0x00000000ec680000,0x00000000eee72390,0x00000000f2000000)
  to   space 87552K, 0% used [0x00000000f3d80000,0x00000000f3d80000,0x00000000f9300000)
 ParOldGen       total 213504K, used 152687K [0x0000000080000000, 0x000000008d080000, 0x00000000d5580000)
  object space 213504K, 71% used [0x0000000080000000,0x000000008951be28,0x000000008d080000)
 Metaspace       used 91751K, capacity 97284K, committed 97408K, reserved 1134592K
  class space    used 11915K, capacity 12878K, committed 12928K, reserved 1048576K
}

