# JRE version: OpenJDK Runtime Environment (8.0_212-b04) (build 1.8.0_212-release-1586-b04)
# Java VM: OpenJDK 64-Bit Server VM (25.212-b04 mixed mode windows-amd64 compressed oops)
Heap:
 PSYoungGen      total 190976K, used 93986K [0x00000000d5580000, 0x00000000e4180000, 0x0000000100000000)
  eden space 172032K, 54% used [0x00000000d5580000,0x00000000db148988,0x00000000dfd80000)
  from space 18944K, 0% used [0x00000000dfd80000,0x00000000dfd80000,0x00000000e1000000)
  to   space 20480K, 0% used [0x00000000e2d80000,0x00000000e2d80000,0x00000000e4180000)
 ParOldGen       total 141824K, used 117573K [0x0000000080000000, 0x0000000088a80000, 0x00000000d5580000)
  object space 141824K, 82% used [0x0000000080000000,0x00000000872d1668,0x0000000088a80000)
 Metaspace       used 74061K, capacity 77084K, committed 77824K, reserved 1116160K
  class space    used 10179K, capacity 10810K, committed 11008K, reserved 1048576K
GC Heap History (10 events):
Event: 9.761 GC heap before
{Heap before GC invocations=15 (full 3):
 PSYoungGen      total 190976K, used 4760K [0x00000000d5580000, 0x00000000e2f80000, 0x0000000100000000)
  eden space 172032K, 0% used [0x00000000d5580000,0x00000000d5580000,0x00000000dfd80000)
  from space 18944K, 25% used [0x00000000e1000000,0x00000000e14a6020,0x00000000e2280000)
  to   space 18944K, 0% used [0x00000000dfd80000,0x00000000dfd80000,0x00000000e1000000)
 ParOldGen       total 92160K, used 33988K [0x0000000080000000, 0x0000000085a00000, 0x00000000d5580000)
  object space 92160K, 36% used [0x0000000080000000,0x00000000821310a0,0x0000000085a00000)
 Metaspace       used 57276K, capacity 58974K, committed 59096K, reserved 1099776K
  class space    used 7858K, capacity 8251K, committed 8320K, reserved 1048576K
Event: 10.068 GC heap after
Heap after GC invocations=15 (full 3):
 PSYoungGen      total 190976K, used 0K [0x00000000d5580000, 0x00000000e2f80000, 0x0000000100000000)
  eden space 172032K, 0% used [0x00000000d5580000,0x00000000d5580000,0x00000000dfd80000)
  from space 18944K, 0% used [0x00000000e1000000,0x00000000e1000000,0x00000000e2280000)
  to   space 18944K, 0% used [0x00000000dfd80000,0x00000000dfd80000,0x00000000e1000000)
 ParOldGen       total 141824K, used 34023K [0x0000000080000000, 0x0000000088a80000, 0x00000000d5580000)
  object space 141824K, 23% used [0x0000000080000000,0x0000000082139c00,0x0000000088a80000)
 Metaspace       used 57276K, capacity 58974K, committed 59096K, reserved 1099776K
  class space    used 7858K, capacity 8251K, committed 8320K, reserved 1048576K
}
Event: 11.893 GC heap before
{Heap before GC invocations=16 (full 3):
 PSYoungGen      total 190976K, used 172032K [0x00000000d5580000, 0x00000000e2f80000, 0x0000000100000000)
  eden space 172032K, 100% used [0x00000000d5580000,0x00000000dfd80000,0x00000000dfd80000)
  from space 18944K, 0% used [0x00000000e1000000,0x00000000e1000000,0x00000000e2280000)
  to   space 18944K, 0% used [0x00000000dfd80000,0x00000000dfd80000,0x00000000e1000000)
 ParOldGen       total 141824K, used 34023K [0x0000000080000000, 0x0000000088a80000, 0x00000000d5580000)
  object space 141824K, 23% used [0x0000000080000000,0x0000000082139c00,0x0000000088a80000)
 Metaspace       used 62032K, capacity 64786K, committed 65024K, reserved 1105920K
  class space    used 8552K, capacity 9129K, committed 9216K, reserved 1048576K
Event: 11.908 GC heap after
Heap after GC invocations=16 (full 3):
 PSYoungGen      total 190976K, used 15818K [0x00000000d5580000, 0x00000000e4180000, 0x0000000100000000)
  eden space 172032K, 0% used [0x00000000d5580000,0x00000000d5580000,0x00000000dfd80000)
  from space 18944K, 83% used [0x00000000dfd80000,0x00000000e0cf2bf8,0x00000000e1000000)
  to   space 20480K, 0% used [0x00000000e2d80000,0x00000000e2d80000,0x00000000e4180000)
 ParOldGen       total 141824K, used 34031K [0x0000000080000000, 0x0000000088a80000, 0x00000000d5580000)
  object space 141824K, 23% used [0x0000000080000000,0x000000008213bc00,0x0000000088a80000)
 Metaspace       used 62032K, capacity 64786K, committed 65024K, reserved 1105920K
  class space    used 8552K, capacity 9129K, committed 9216K, reserved 1048576K
}
Event: 13.302 GC heap before
{Heap before GC invocations=17 (full 3):
 PSYoungGen      total 190976K, used 187850K [0x00000000d5580000, 0x00000000e4180000, 0x0000000100000000)
  eden space 172032K, 100% used [0x00000000d5580000,0x00000000dfd80000,0x00000000dfd80000)
  from space 18944K, 83% used [0x00000000dfd80000,0x00000000e0cf2bf8,0x00000000e1000000)
  to   space 20480K, 0% used [0x00000000e2d80000,0x00000000e2d80000,0x00000000e4180000)
 ParOldGen       total 141824K, used 34031K [0x0000000080000000, 0x0000000088a80000, 0x00000000d5580000)
  object space 141824K, 23% used [0x0000000080000000,0x000000008213bc00,0x0000000088a80000)
 Metaspace       used 69050K, capacity 71958K, committed 72192K, reserved 1112064K
  class space    used 9501K, capacity 10125K, committed 10240K, reserved 1048576K
Event: 13.356 GC heap after
Heap after GC invocations=17 (full 3):
 PSYoungGen      total 192512K, used 20472K [0x00000000d5580000, 0x00000000e4180000, 0x0000000100000000)
  eden space 172032K, 0% used [0x00000000d5580000,0x00000000d5580000,0x00000000dfd80000)
  from space 20480K, 99% used [0x00000000e2d80000,0x00000000e417e248,0x00000000e4180000)
  to   space 18944K, 0% used [0x00000000dfd80000,0x00000000dfd80000,0x00000000e1000000)
 ParOldGen       total 141824K, used 63986K [0x0000000080000000, 0x0000000088a80000, 0x00000000d5580000)
  object space 141824K, 45% used [0x0000000080000000,0x0000000083e7cb58,0x0000000088a80000)
 Metaspace       used 69050K, capacity 71958K, committed 72192K, reserved 1112064K
  class space    used 9501K, capacity 10125K, committed 10240K, reserved 1048576K
}
Event: 15.183 GC heap before
{Heap before GC invocations=18 (full 3):
 PSYoungGen      total 192512K, used 192504K [0x00000000d5580000, 0x00000000e4180000, 0x0000000100000000)
  eden space 172032K, 100% used [0x00000000d5580000,0x00000000dfd80000,0x00000000dfd80000)
  from space 20480K, 99% used [0x00000000e2d80000,0x00000000e417e248,0x00000000e4180000)
  to   space 18944K, 0% used [0x00000000dfd80000,0x00000000dfd80000,0x00000000e1000000)
 ParOldGen       total 141824K, used 63986K [0x0000000080000000, 0x0000000088a80000, 0x00000000d5580000)
  object space 141824K, 45% used [0x0000000080000000,0x0000000083e7cb58,0x0000000088a80000)
 Metaspace       used 72406K, capacity 75666K, committed 75776K, reserved 1114112K
  class space    used 10012K, capacity 10667K, committed 10752K, reserved 1048576K
Event: 15.260 GC heap after
Heap after GC invocations=18 (full 3):
 PSYoungGen      total 190976K, used 18936K [0x00000000d5580000, 0x00000000e4180000, 0x0000000100000000)
  eden space 172032K, 0% used [0x00000000d5580000,0x00000000d5580000,0x00000000dfd80000)
  from space 18944K, 99% used [0x00000000dfd80000,0x00000000e0ffe158,0x00000000e1000000)
  to   space 20480K, 0% used [0x00000000e2d80000,0x00000000e2d80000,0x00000000e4180000)
 ParOldGen       total 141824K, used 117684K [0x0000000080000000, 0x0000000088a80000, 0x00000000d5580000)
  object space 141824K, 82% used [0x0000000080000000,0x00000000872ed040,0x0000000088a80000)
 Metaspace       used 72406K, capacity 75666K, committed 75776K, reserved 1114112K
  class space    used 10012K, capacity 10667K, committed 10752K, reserved 1048576K
}
Event: 15.261 GC heap before
{Heap before GC invocations=19 (full 4):
 PSYoungGen      total 190976K, used 18936K [0x00000000d5580000, 0x00000000e4180000, 0x0000000100000000)
  eden space 172032K, 0% used [0x00000000d5580000,0x00000000d5580000,0x00000000dfd80000)
  from space 18944K, 99% used [0x00000000dfd80000,0x00000000e0ffe158,0x00000000e1000000)
  to   space 20480K, 0% used [0x00000000e2d80000,0x00000000e2d80000,0x00000000e4180000)
 ParOldGen       total 141824K, used 117684K [0x0000000080000000, 0x0000000088a80000, 0x00000000d5580000)
  object space 141824K, 82% used [0x0000000080000000,0x00000000872ed040,0x0000000088a80000)
 Metaspace       used 72406K, capacity 75666K, committed 75776K, reserved 1114112K
  class space    used 10012K, capacity 10667K, committed 10752K, reserved 1048576K
Event: 15.760 GC heap after
Heap after GC invocations=19 (full 4):
 PSYoungGen      total 190976K, used 0K [0x00000000d5580000, 0x00000000e4180000, 0x0000000100000000)
  eden space 172032K, 0% used [0x00000000d5580000,0x00000000d5580000,0x00000000dfd80000)
  from space 18944K, 0% used [0x00000000dfd80000,0x00000000dfd80000,0x00000000e1000000)
  to   space 20480K, 0% used [0x00000000e2d80000,0x00000000e2d80000,0x00000000e4180000)
 ParOldGen       total 141824K, used 117573K [0x0000000080000000, 0x0000000088a80000, 0x00000000d5580000)
  object space 141824K, 82% used [0x0000000080000000,0x00000000872d1668,0x0000000088a80000)
 Metaspace       used 72037K, capacity 74606K, committed 75776K, reserved 1114112K
  class space    used 9893K, capacity 10455K, committed 10752K, reserved 1048576K
}

