# JRE version: OpenJDK Runtime Environment (8.0_212-b04) (build 1.8.0_212-release-1586-b04)
# Java VM: OpenJDK 64-Bit Server VM (25.212-b04 mixed mode windows-amd64 compressed oops)
Heap:
 PSYoungGen      total 279040K, used 164990K [0x00000000d5580000, 0x00000000ea900000, 0x0000000100000000)
  eden space 235008K, 58% used [0x00000000d5580000,0x00000000ddcd5aa0,0x00000000e3b00000)
  from space 44032K, 59% used [0x00000000e3b00000,0x00000000e54ca0a0,0x00000000e6600000)
  to   space 43008K, 0% used [0x00000000e7f00000,0x00000000e7f00000,0x00000000ea900000)
 ParOldGen       total 221184K, used 103868K [0x0000000080000000, 0x000000008d800000, 0x00000000d5580000)
  object space 221184K, 46% used [0x0000000080000000,0x000000008656f210,0x000000008d800000)
 Metaspace       used 89340K, capacity 93630K, committed 94080K, reserved 1130496K
  class space    used 11684K, capacity 12495K, committed 12672K, reserved 1048576K
GC Heap History (10 events):
Event: 167.076 GC heap before
{Heap before GC invocations=21 (full 4):
 PSYoungGen      total 251392K, used 6552K [0x00000000d5580000, 0x00000000e9000000, 0x0000000100000000)
  eden space 207360K, 0% used [0x00000000d5580000,0x00000000d5580000,0x00000000e2000000)
  from space 44032K, 14% used [0x00000000e2000000,0x00000000e2666288,0x00000000e4b00000)
  to   space 43008K, 0% used [0x00000000e6600000,0x00000000e6600000,0x00000000e9000000)
 ParOldGen       total 140288K, used 115642K [0x0000000080000000, 0x0000000088900000, 0x00000000d5580000)
  object space 140288K, 82% used [0x0000000080000000,0x00000000870eeb20,0x0000000088900000)
 Metaspace       used 86135K, capacity 90556K, committed 90752K, reserved 1128448K
  class space    used 11590K, capacity 12400K, committed 12416K, reserved 1048576K
Event: 167.306 GC heap after
Heap after GC invocations=21 (full 4):
 PSYoungGen      total 251392K, used 0K [0x00000000d5580000, 0x00000000e9000000, 0x0000000100000000)
  eden space 207360K, 0% used [0x00000000d5580000,0x00000000d5580000,0x00000000e2000000)
  from space 44032K, 0% used [0x00000000e2000000,0x00000000e2000000,0x00000000e4b00000)
  to   space 43008K, 0% used [0x00000000e6600000,0x00000000e6600000,0x00000000e9000000)
 ParOldGen       total 221184K, used 59474K [0x0000000080000000, 0x000000008d800000, 0x00000000d5580000)
  object space 221184K, 26% used [0x0000000080000000,0x0000000083a149b8,0x000000008d800000)
 Metaspace       used 85648K, capacity 89192K, committed 90752K, reserved 1128448K
  class space    used 11430K, capacity 12116K, committed 12416K, reserved 1048576K
}
Event: 716.543 GC heap before
{Heap before GC invocations=22 (full 4):
 PSYoungGen      total 251392K, used 207360K [0x00000000d5580000, 0x00000000e9000000, 0x0000000100000000)
  eden space 207360K, 100% used [0x00000000d5580000,0x00000000e2000000,0x00000000e2000000)
  from space 44032K, 0% used [0x00000000e2000000,0x00000000e2000000,0x00000000e4b00000)
  to   space 43008K, 0% used [0x00000000e6600000,0x00000000e6600000,0x00000000e9000000)
 ParOldGen       total 221184K, used 59474K [0x0000000080000000, 0x000000008d800000, 0x00000000d5580000)
  object space 221184K, 26% used [0x0000000080000000,0x0000000083a149b8,0x000000008d800000)
 Metaspace       used 87583K, capacity 91262K, committed 92416K, reserved 1128448K
  class space    used 11574K, capacity 12271K, committed 12544K, reserved 1048576K
Event: 716.561 GC heap after
Heap after GC invocations=22 (full 4):
 PSYoungGen      total 278016K, used 26047K [0x00000000d5580000, 0x00000000e9200000, 0x0000000100000000)
  eden space 235008K, 0% used [0x00000000d5580000,0x00000000d5580000,0x00000000e3b00000)
  from space 43008K, 60% used [0x00000000e6600000,0x00000000e7f6fc50,0x00000000e9000000)
  to   space 44032K, 0% used [0x00000000e3b00000,0x00000000e3b00000,0x00000000e6600000)
 ParOldGen       total 221184K, used 59482K [0x0000000080000000, 0x000000008d800000, 0x00000000d5580000)
  object space 221184K, 26% used [0x0000000080000000,0x0000000083a169b8,0x000000008d800000)
 Metaspace       used 87583K, capacity 91262K, committed 92416K, reserved 1128448K
  class space    used 11574K, capacity 12271K, committed 12544K, reserved 1048576K
}
Event: 1214.861 GC heap before
{Heap before GC invocations=23 (full 4):
 PSYoungGen      total 278016K, used 261055K [0x00000000d5580000, 0x00000000e9200000, 0x0000000100000000)
  eden space 235008K, 100% used [0x00000000d5580000,0x00000000e3b00000,0x00000000e3b00000)
  from space 43008K, 60% used [0x00000000e6600000,0x00000000e7f6fc50,0x00000000e9000000)
  to   space 44032K, 0% used [0x00000000e3b00000,0x00000000e3b00000,0x00000000e6600000)
 ParOldGen       total 221184K, used 59482K [0x0000000080000000, 0x000000008d800000, 0x00000000d5580000)
  object space 221184K, 26% used [0x0000000080000000,0x0000000083a169b8,0x000000008d800000)
 Metaspace       used 88306K, capacity 92282K, committed 92928K, reserved 1130496K
  class space    used 11623K, capacity 12351K, committed 12544K, reserved 1048576K
Event: 1214.876 GC heap after
Heap after GC invocations=23 (full 4):
 PSYoungGen      total 279040K, used 21182K [0x00000000d5580000, 0x00000000ea900000, 0x0000000100000000)
  eden space 235008K, 0% used [0x00000000d5580000,0x00000000d5580000,0x00000000e3b00000)
  from space 44032K, 48% used [0x00000000e3b00000,0x00000000e4faf8f0,0x00000000e6600000)
  to   space 43008K, 0% used [0x00000000e7f00000,0x00000000e7f00000,0x00000000ea900000)
 ParOldGen       total 221184K, used 59490K [0x0000000080000000, 0x000000008d800000, 0x00000000d5580000)
  object space 221184K, 26% used [0x0000000080000000,0x0000000083a189b8,0x000000008d800000)
 Metaspace       used 88306K, capacity 92282K, committed 92928K, reserved 1130496K
  class space    used 11623K, capacity 12351K, committed 12544K, reserved 1048576K
}
Event: 1218.155 GC heap before
{Heap before GC invocations=24 (full 4):
 PSYoungGen      total 279040K, used 256190K [0x00000000d5580000, 0x00000000ea900000, 0x0000000100000000)
  eden space 235008K, 100% used [0x00000000d5580000,0x00000000e3b00000,0x00000000e3b00000)
  from space 44032K, 48% used [0x00000000e3b00000,0x00000000e4faf8f0,0x00000000e6600000)
  to   space 43008K, 0% used [0x00000000e7f00000,0x00000000e7f00000,0x00000000ea900000)
 ParOldGen       total 221184K, used 59490K [0x0000000080000000, 0x000000008d800000, 0x00000000d5580000)
  object space 221184K, 26% used [0x0000000080000000,0x0000000083a189b8,0x000000008d800000)
 Metaspace       used 88645K, capacity 92600K, committed 93184K, reserved 1130496K
  class space    used 11626K, capacity 12356K, committed 12544K, reserved 1048576K
Event: 1218.226 GC heap after
Heap after GC invocations=24 (full 4):
 PSYoungGen      total 278016K, used 42983K [0x00000000d5580000, 0x00000000ea900000, 0x0000000100000000)
  eden space 235008K, 0% used [0x00000000d5580000,0x00000000d5580000,0x00000000e3b00000)
  from space 43008K, 99% used [0x00000000e7f00000,0x00000000ea8f9f18,0x00000000ea900000)
  to   space 44032K, 0% used [0x00000000e3b00000,0x00000000e3b00000,0x00000000e6600000)
 ParOldGen       total 221184K, used 90277K [0x0000000080000000, 0x000000008d800000, 0x00000000d5580000)
  object space 221184K, 40% used [0x0000000080000000,0x0000000085829450,0x000000008d800000)
 Metaspace       used 88645K, capacity 92600K, committed 93184K, reserved 1130496K
  class space    used 11626K, capacity 12356K, committed 12544K, reserved 1048576K
}
Event: 1221.898 GC heap before
{Heap before GC invocations=25 (full 4):
 PSYoungGen      total 278016K, used 277991K [0x00000000d5580000, 0x00000000ea900000, 0x0000000100000000)
  eden space 235008K, 100% used [0x00000000d5580000,0x00000000e3b00000,0x00000000e3b00000)
  from space 43008K, 99% used [0x00000000e7f00000,0x00000000ea8f9f18,0x00000000ea900000)
  to   space 44032K, 0% used [0x00000000e3b00000,0x00000000e3b00000,0x00000000e6600000)
 ParOldGen       total 221184K, used 90277K [0x0000000080000000, 0x000000008d800000, 0x00000000d5580000)
  object space 221184K, 40% used [0x0000000080000000,0x0000000085829450,0x000000008d800000)
 Metaspace       used 89015K, capacity 93194K, committed 93440K, reserved 1130496K
  class space    used 11652K, capacity 12401K, committed 12544K, reserved 1048576K
Event: 1221.929 GC heap after
Heap after GC invocations=25 (full 4):
 PSYoungGen      total 279040K, used 26408K [0x00000000d5580000, 0x00000000ea900000, 0x0000000100000000)
  eden space 235008K, 0% used [0x00000000d5580000,0x00000000d5580000,0x00000000e3b00000)
  from space 44032K, 59% used [0x00000000e3b00000,0x00000000e54ca0a0,0x00000000e6600000)
  to   space 43008K, 0% used [0x00000000e7f00000,0x00000000e7f00000,0x00000000ea900000)
 ParOldGen       total 221184K, used 103868K [0x0000000080000000, 0x000000008d800000, 0x00000000d5580000)
  object space 221184K, 46% used [0x0000000080000000,0x000000008656f210,0x000000008d800000)
 Metaspace       used 89015K, capacity 93194K, committed 93440K, reserved 1130496K
  class space    used 11652K, capacity 12401K, committed 12544K, reserved 1048576K
}

