# JRE version: OpenJDK Runtime Environment (8.0_212-b04) (build 1.8.0_212-release-1586-b04)
# Java VM: OpenJDK 64-Bit Server VM (25.212-b04 mixed mode windows-amd64 compressed oops)
Heap:
 PSYoungGen      total 291328K, used 167460K [0x00000000d5580000, 0x00000000ec300000, 0x0000000100000000)
  eden space 220672K, 60% used [0x00000000d5580000,0x00000000dd839818,0x00000000e2d00000)
  from space 70656K, 47% used [0x00000000e7e00000,0x00000000e9ecf848,0x00000000ec300000)
  to   space 57344K, 0% used [0x00000000e2d00000,0x00000000e2d00000,0x00000000e6500000)
 ParOldGen       total 135680K, used 135149K [0x0000000080000000, 0x0000000088480000, 0x00000000d5580000)
  object space 135680K, 99% used [0x0000000080000000,0x00000000883fb620,0x0000000088480000)
 Metaspace       used 85366K, capacity 89052K, committed 89344K, reserved 1126400K
  class space    used 11249K, capacity 11964K, committed 12032K, reserved 1048576K
GC Heap History (10 events):
Event: 159.634 GC heap before
{Heap before GC invocations=24 (full 7):
 PSYoungGen      total 241152K, used 240354K [0x00000000d5580000, 0x00000000e9e80000, 0x0000000100000000)
  eden space 218624K, 99% used [0x00000000d5580000,0x00000000e2aa7808,0x00000000e2b00000)
  from space 22528K, 98% used [0x00000000e8880000,0x00000000e9e111c0,0x00000000e9e80000)
  to   space 56320K, 0% used [0x00000000e3080000,0x00000000e3080000,0x00000000e6780000)
 ParOldGen       total 135680K, used 65446K [0x0000000080000000, 0x0000000088480000, 0x00000000d5580000)
  object space 135680K, 48% used [0x0000000080000000,0x0000000083fe9808,0x0000000088480000)
 Metaspace       used 80768K, capacity 84038K, committed 84224K, reserved 1122304K
  class space    used 10799K, capacity 11439K, committed 11520K, reserved 1048576K
Event: 159.660 GC heap after
Heap after GC invocations=24 (full 7):
 PSYoungGen      total 244736K, used 20149K [0x00000000d5580000, 0x00000000e9880000, 0x0000000100000000)
  eden space 224256K, 0% used [0x00000000d5580000,0x00000000d5580000,0x00000000e3080000)
  from space 20480K, 98% used [0x00000000e3080000,0x00000000e442d580,0x00000000e4480000)
  to   space 52736K, 0% used [0x00000000e6500000,0x00000000e6500000,0x00000000e9880000)
 ParOldGen       total 135680K, used 65454K [0x0000000080000000, 0x0000000088480000, 0x00000000d5580000)
  object space 135680K, 48% used [0x0000000080000000,0x0000000083feb808,0x0000000088480000)
 Metaspace       used 80768K, capacity 84038K, committed 84224K, reserved 1122304K
  class space    used 10799K, capacity 11439K, committed 11520K, reserved 1048576K
}
Event: 161.804 GC heap before
{Heap before GC invocations=25 (full 7):
 PSYoungGen      total 244736K, used 244405K [0x00000000d5580000, 0x00000000e9880000, 0x0000000100000000)
  eden space 224256K, 100% used [0x00000000d5580000,0x00000000e3080000,0x00000000e3080000)
  from space 20480K, 98% used [0x00000000e3080000,0x00000000e442d580,0x00000000e4480000)
  to   space 52736K, 0% used [0x00000000e6500000,0x00000000e6500000,0x00000000e9880000)
 ParOldGen       total 135680K, used 66366K [0x0000000080000000, 0x0000000088480000, 0x00000000d5580000)
  object space 135680K, 48% used [0x0000000080000000,0x00000000840cfa88,0x0000000088480000)
 Metaspace       used 84661K, capacity 88360K, committed 88576K, reserved 1126400K
  class space    used 11251K, capacity 11968K, committed 12032K, reserved 1048576K
Event: 161.858 GC heap after
Heap after GC invocations=25 (full 7):
 PSYoungGen      total 273408K, used 42558K [0x00000000d5580000, 0x00000000ea880000, 0x0000000100000000)
  eden space 220672K, 0% used [0x00000000d5580000,0x00000000d5580000,0x00000000e2d00000)
  from space 52736K, 80% used [0x00000000e6500000,0x00000000e8e8f8e8,0x00000000e9880000)
  to   space 57344K, 0% used [0x00000000e2d00000,0x00000000e2d00000,0x00000000e6500000)
 ParOldGen       total 135680K, used 66374K [0x0000000080000000, 0x0000000088480000, 0x00000000d5580000)
  object space 135680K, 48% used [0x0000000080000000,0x00000000840d1a88,0x0000000088480000)
 Metaspace       used 84661K, capacity 88360K, committed 88576K, reserved 1126400K
  class space    used 11251K, capacity 11968K, committed 12032K, reserved 1048576K
}
Event: 162.905 GC heap before
{Heap before GC invocations=26 (full 7):
 PSYoungGen      total 273408K, used 263230K [0x00000000d5580000, 0x00000000ea880000, 0x0000000100000000)
  eden space 220672K, 100% used [0x00000000d5580000,0x00000000e2d00000,0x00000000e2d00000)
  from space 52736K, 80% used [0x00000000e6500000,0x00000000e8e8f8e8,0x00000000e9880000)
  to   space 57344K, 0% used [0x00000000e2d00000,0x00000000e2d00000,0x00000000e6500000)
 ParOldGen       total 135680K, used 66376K [0x0000000080000000, 0x0000000088480000, 0x00000000d5580000)
  object space 135680K, 48% used [0x0000000080000000,0x00000000840d21e8,0x0000000088480000)
 Metaspace       used 84930K, capacity 88666K, committed 88832K, reserved 1126400K
  class space    used 11254K, capacity 11973K, committed 12032K, reserved 1048576K
Event: 162.967 GC heap after
Heap after GC invocations=26 (full 7):
 PSYoungGen      total 278016K, used 57328K [0x00000000d5580000, 0x00000000ec300000, 0x0000000100000000)
  eden space 220672K, 0% used [0x00000000d5580000,0x00000000d5580000,0x00000000e2d00000)
  from space 57344K, 99% used [0x00000000e2d00000,0x00000000e64fc330,0x00000000e6500000)
  to   space 70656K, 0% used [0x00000000e7e00000,0x00000000e7e00000,0x00000000ec300000)
 ParOldGen       total 135680K, used 77174K [0x0000000080000000, 0x0000000088480000, 0x00000000d5580000)
  object space 135680K, 56% used [0x0000000080000000,0x0000000084b5d8d0,0x0000000088480000)
 Metaspace       used 84930K, capacity 88666K, committed 88832K, reserved 1126400K
  class space    used 11254K, capacity 11973K, committed 12032K, reserved 1048576K
}
Event: 163.762 GC heap before
{Heap before GC invocations=27 (full 7):
 PSYoungGen      total 278016K, used 278000K [0x00000000d5580000, 0x00000000ec300000, 0x0000000100000000)
  eden space 220672K, 100% used [0x00000000d5580000,0x00000000e2d00000,0x00000000e2d00000)
  from space 57344K, 99% used [0x00000000e2d00000,0x00000000e64fc330,0x00000000e6500000)
  to   space 70656K, 0% used [0x00000000e7e00000,0x00000000e7e00000,0x00000000ec300000)
 ParOldGen       total 135680K, used 77174K [0x0000000080000000, 0x0000000088480000, 0x00000000d5580000)
  object space 135680K, 56% used [0x0000000080000000,0x0000000084b5d8d0,0x0000000088480000)
 Metaspace       used 85289K, capacity 89010K, committed 89088K, reserved 1126400K
  class space    used 11255K, capacity 11973K, committed 12032K, reserved 1048576K
Event: 163.911 GC heap after
Heap after GC invocations=27 (full 7):
 PSYoungGen      total 291328K, used 70640K [0x00000000d5580000, 0x00000000ec300000, 0x0000000100000000)
  eden space 220672K, 0% used [0x00000000d5580000,0x00000000d5580000,0x00000000e2d00000)
  from space 70656K, 99% used [0x00000000e7e00000,0x00000000ec2fc1b0,0x00000000ec300000)
  to   space 57344K, 0% used [0x00000000e2d00000,0x00000000e2d00000,0x00000000e6500000)
 ParOldGen       total 135680K, used 121722K [0x0000000080000000, 0x0000000088480000, 0x00000000d5580000)
  object space 135680K, 89% used [0x0000000080000000,0x00000000876deb98,0x0000000088480000)
 Metaspace       used 85289K, capacity 89010K, committed 89088K, reserved 1126400K
  class space    used 11255K, capacity 11973K, committed 12032K, reserved 1048576K
}
Event: 163.911 GC heap before
{Heap before GC invocations=28 (full 8):
 PSYoungGen      total 291328K, used 70640K [0x00000000d5580000, 0x00000000ec300000, 0x0000000100000000)
  eden space 220672K, 0% used [0x00000000d5580000,0x00000000d5580000,0x00000000e2d00000)
  from space 70656K, 99% used [0x00000000e7e00000,0x00000000ec2fc1b0,0x00000000ec300000)
  to   space 57344K, 0% used [0x00000000e2d00000,0x00000000e2d00000,0x00000000e6500000)
 ParOldGen       total 135680K, used 121722K [0x0000000080000000, 0x0000000088480000, 0x00000000d5580000)
  object space 135680K, 89% used [0x0000000080000000,0x00000000876deb98,0x0000000088480000)
 Metaspace       used 85289K, capacity 89010K, committed 89088K, reserved 1126400K
  class space    used 11255K, capacity 11973K, committed 12032K, reserved 1048576K
Event: 165.195 GC heap after
Heap after GC invocations=28 (full 8):
 PSYoungGen      total 291328K, used 33598K [0x00000000d5580000, 0x00000000ec300000, 0x0000000100000000)
  eden space 220672K, 0% used [0x00000000d5580000,0x00000000d5580000,0x00000000e2d00000)
  from space 70656K, 47% used [0x00000000e7e00000,0x00000000e9ecf848,0x00000000ec300000)
  to   space 57344K, 0% used [0x00000000e2d00000,0x00000000e2d00000,0x00000000e6500000)
 ParOldGen       total 135680K, used 135149K [0x0000000080000000, 0x0000000088480000, 0x00000000d5580000)
  object space 135680K, 99% used [0x0000000080000000,0x00000000883fb620,0x0000000088480000)
 Metaspace       used 85273K, capacity 88968K, committed 89088K, reserved 1126400K
  class space    used 11249K, capacity 11964K, committed 12032K, reserved 1048576K
}

