# JRE version: OpenJDK Runtime Environment (8.0_212-b04) (build 1.8.0_212-release-1586-b04)
# Java VM: OpenJDK 64-Bit Server VM (25.212-b04 mixed mode windows-amd64 compressed oops)
Heap:
 PSYoungGen      total 523264K, used 443608K [0x00000000d5580000, 0x00000000fc780000, 0x0000000100000000)
  eden space 486912K, 83% used [0x00000000d5580000,0x00000000ee337d40,0x00000000f3100000)
  from space 36352K, 99% used [0x00000000f3100000,0x00000000f547e460,0x00000000f5480000)
  to   space 45568K, 0% used [0x00000000f9b00000,0x00000000f9b00000,0x00000000fc780000)
 ParOldGen       total 209920K, used 53041K [0x0000000080000000, 0x000000008cd00000, 0x00000000d5580000)
  object space 209920K, 25% used [0x0000000080000000,0x00000000833cc400,0x000000008cd00000)
 Metaspace       used 97471K, capacity 102834K, committed 103936K, reserved 1138688K
  class space    used 12667K, capacity 13649K, committed 13824K, reserved 1048576K
GC Heap History (10 events):
Event: 645.939 GC heap before
{Heap before GC invocations=24 (full 4):
 PSYoungGen      total 395264K, used 378089K [0x00000000d5580000, 0x00000000f4500000, 0x0000000100000000)
  eden space 356864K, 99% used [0x00000000d5580000,0x00000000eb1fe1c0,0x00000000eb200000)
  from space 38400K, 55% used [0x00000000eb200000,0x00000000ec6bc2a8,0x00000000ed780000)
  to   space 37376K, 0% used [0x00000000f2080000,0x00000000f2080000,0x00000000f4500000)
 ParOldGen       total 209920K, used 76664K [0x0000000080000000, 0x000000008cd00000, 0x00000000d5580000)
  object space 209920K, 36% used [0x0000000080000000,0x0000000084ade328,0x000000008cd00000)
 Metaspace       used 95640K, capacity 100416K, committed 101120K, reserved 1136640K
  class space    used 12557K, capacity 13480K, committed 13824K, reserved 1048576K
Event: 645.956 GC heap after
Heap after GC invocations=24 (full 4):
 PSYoungGen      total 446464K, used 16778K [0x00000000d5580000, 0x00000000f3800000, 0x0000000100000000)
  eden space 422400K, 0% used [0x00000000d5580000,0x00000000d5580000,0x00000000ef200000)
  from space 24064K, 69% used [0x00000000f2080000,0x00000000f30e2a08,0x00000000f3800000)
  to   space 35840K, 0% used [0x00000000ef200000,0x00000000ef200000,0x00000000f1500000)
 ParOldGen       total 209920K, used 77297K [0x0000000080000000, 0x000000008cd00000, 0x00000000d5580000)
  object space 209920K, 36% used [0x0000000080000000,0x0000000084b7c4a0,0x000000008cd00000)
 Metaspace       used 95640K, capacity 100416K, committed 101120K, reserved 1136640K
  class space    used 12557K, capacity 13480K, committed 13824K, reserved 1048576K
}
Event: 2954.552 GC heap before
{Heap before GC invocations=25 (full 4):
 PSYoungGen      total 446464K, used 439178K [0x00000000d5580000, 0x00000000f3800000, 0x0000000100000000)
  eden space 422400K, 100% used [0x00000000d5580000,0x00000000ef200000,0x00000000ef200000)
  from space 24064K, 69% used [0x00000000f2080000,0x00000000f30e2a08,0x00000000f3800000)
  to   space 35840K, 0% used [0x00000000ef200000,0x00000000ef200000,0x00000000f1500000)
 ParOldGen       total 209920K, used 77297K [0x0000000080000000, 0x000000008cd00000, 0x00000000d5580000)
  object space 209920K, 36% used [0x0000000080000000,0x0000000084b7c4a0,0x000000008cd00000)
 Metaspace       used 96647K, capacity 102242K, committed 102400K, reserved 1138688K
  class space    used 12678K, capacity 13697K, committed 13824K, reserved 1048576K
Event: 2954.572 GC heap after
Heap after GC invocations=25 (full 4):
 PSYoungGen      total 458240K, used 10508K [0x00000000d5580000, 0x00000000f7700000, 0x0000000100000000)
  eden space 422400K, 0% used [0x00000000d5580000,0x00000000d5580000,0x00000000ef200000)
  from space 35840K, 29% used [0x00000000ef200000,0x00000000efc430e8,0x00000000f1500000)
  to   space 35328K, 0% used [0x00000000f5480000,0x00000000f5480000,0x00000000f7700000)
 ParOldGen       total 209920K, used 77305K [0x0000000080000000, 0x000000008cd00000, 0x00000000d5580000)
  object space 209920K, 36% used [0x0000000080000000,0x0000000084b7e4a0,0x000000008cd00000)
 Metaspace       used 96647K, capacity 102242K, committed 102400K, reserved 1138688K
  class space    used 12678K, capacity 13697K, committed 13824K, reserved 1048576K
}
Event: 3928.537 GC heap before
{Heap before GC invocations=26 (full 4):
 PSYoungGen      total 458240K, used 63940K [0x00000000d5580000, 0x00000000f7700000, 0x0000000100000000)
  eden space 422400K, 12% used [0x00000000d5580000,0x00000000d89ae310,0x00000000ef200000)
  from space 35840K, 29% used [0x00000000ef200000,0x00000000efc430e8,0x00000000f1500000)
  to   space 35328K, 0% used [0x00000000f5480000,0x00000000f5480000,0x00000000f7700000)
 ParOldGen       total 209920K, used 77305K [0x0000000080000000, 0x000000008cd00000, 0x00000000d5580000)
  object space 209920K, 36% used [0x0000000080000000,0x0000000084b7e4a0,0x000000008cd00000)
 Metaspace       used 96833K, capacity 102536K, committed 102656K, reserved 1138688K
  class space    used 12704K, capacity 13746K, committed 13824K, reserved 1048576K
Event: 3928.545 GC heap after
Heap after GC invocations=26 (full 4):
 PSYoungGen      total 522240K, used 1312K [0x00000000d5580000, 0x00000000f7900000, 0x0000000100000000)
  eden space 486912K, 0% used [0x00000000d5580000,0x00000000d5580000,0x00000000f3100000)
  from space 35328K, 3% used [0x00000000f5480000,0x00000000f55c8010,0x00000000f7700000)
  to   space 36352K, 0% used [0x00000000f3100000,0x00000000f3100000,0x00000000f5480000)
 ParOldGen       total 209920K, used 77313K [0x0000000080000000, 0x000000008cd00000, 0x00000000d5580000)
  object space 209920K, 36% used [0x0000000080000000,0x0000000084b804a0,0x000000008cd00000)
 Metaspace       used 96833K, capacity 102536K, committed 102656K, reserved 1138688K
  class space    used 12704K, capacity 13746K, committed 13824K, reserved 1048576K
}
Event: 3928.545 GC heap before
{Heap before GC invocations=27 (full 5):
 PSYoungGen      total 522240K, used 1312K [0x00000000d5580000, 0x00000000f7900000, 0x0000000100000000)
  eden space 486912K, 0% used [0x00000000d5580000,0x00000000d5580000,0x00000000f3100000)
  from space 35328K, 3% used [0x00000000f5480000,0x00000000f55c8010,0x00000000f7700000)
  to   space 36352K, 0% used [0x00000000f3100000,0x00000000f3100000,0x00000000f5480000)
 ParOldGen       total 209920K, used 77313K [0x0000000080000000, 0x000000008cd00000, 0x00000000d5580000)
  object space 209920K, 36% used [0x0000000080000000,0x0000000084b804a0,0x000000008cd00000)
 Metaspace       used 96833K, capacity 102536K, committed 102656K, reserved 1138688K
  class space    used 12704K, capacity 13746K, committed 13824K, reserved 1048576K
Event: 3928.883 GC heap after
Heap after GC invocations=27 (full 5):
 PSYoungGen      total 522240K, used 0K [0x00000000d5580000, 0x00000000f7900000, 0x0000000100000000)
  eden space 486912K, 0% used [0x00000000d5580000,0x00000000d5580000,0x00000000f3100000)
  from space 35328K, 0% used [0x00000000f5480000,0x00000000f5480000,0x00000000f7700000)
  to   space 36352K, 0% used [0x00000000f3100000,0x00000000f3100000,0x00000000f5480000)
 ParOldGen       total 209920K, used 44196K [0x0000000080000000, 0x000000008cd00000, 0x00000000d5580000)
  object space 209920K, 21% used [0x0000000080000000,0x0000000082b29358,0x000000008cd00000)
 Metaspace       used 96032K, capacity 101102K, committed 102656K, reserved 1138688K
  class space    used 12555K, capacity 13474K, committed 13824K, reserved 1048576K
}
Event: 6310.887 GC heap before
{Heap before GC invocations=28 (full 5):
 PSYoungGen      total 522240K, used 486912K [0x00000000d5580000, 0x00000000f7900000, 0x0000000100000000)
  eden space 486912K, 100% used [0x00000000d5580000,0x00000000f3100000,0x00000000f3100000)
  from space 35328K, 0% used [0x00000000f5480000,0x00000000f5480000,0x00000000f7700000)
  to   space 36352K, 0% used [0x00000000f3100000,0x00000000f3100000,0x00000000f5480000)
 ParOldGen       total 209920K, used 44196K [0x0000000080000000, 0x000000008cd00000, 0x00000000d5580000)
  object space 209920K, 21% used [0x0000000080000000,0x0000000082b29358,0x000000008cd00000)
 Metaspace       used 96696K, capacity 101982K, committed 103168K, reserved 1138688K
  class space    used 12626K, capacity 13603K, committed 13824K, reserved 1048576K
Event: 6311.273 GC heap after
Heap after GC invocations=28 (full 5):
 PSYoungGen      total 523264K, used 36345K [0x00000000d5580000, 0x00000000fc780000, 0x0000000100000000)
  eden space 486912K, 0% used [0x00000000d5580000,0x00000000d5580000,0x00000000f3100000)
  from space 36352K, 99% used [0x00000000f3100000,0x00000000f547e460,0x00000000f5480000)
  to   space 45568K, 0% used [0x00000000f9b00000,0x00000000f9b00000,0x00000000fc780000)
 ParOldGen       total 209920K, used 53041K [0x0000000080000000, 0x000000008cd00000, 0x00000000d5580000)
  object space 209920K, 25% used [0x0000000080000000,0x00000000833cc400,0x000000008cd00000)
 Metaspace       used 96696K, capacity 101982K, committed 103168K, reserved 1138688K
  class space    used 12626K, capacity 13603K, committed 13824K, reserved 1048576K
}

