# JRE version: OpenJDK Runtime Environment (8.0_212-b04) (build 1.8.0_212-release-1586-b04)
# Java VM: OpenJDK 64-Bit Server VM (25.212-b04 mixed mode windows-amd64 compressed oops)
Heap:
 PSYoungGen      total 217600K, used 189349K [0x00000000d5580000, 0x00000000e5080000, 0x0000000100000000)
  eden space 196608K, 85% used [0x00000000d5580000,0x00000000df9efd10,0x00000000e1580000)
  from space 20992K, 99% used [0x00000000e3180000,0x00000000e45f96f0,0x00000000e4600000)
  to   space 28672K, 0% used [0x00000000e1580000,0x00000000e1580000,0x00000000e3180000)
 ParOldGen       total 139264K, used 47015K [0x0000000080000000, 0x0000000088800000, 0x00000000d5580000)
  object space 139264K, 33% used [0x0000000080000000,0x0000000082de9cb8,0x0000000088800000)
 Metaspace       used 78876K, capacity 83506K, committed 83840K, reserved 1122304K
  class space    used 10932K, capacity 11813K, committed 11904K, reserved 1048576K
GC Heap History (10 events):
Event: 11.132 GC heap before
{Heap before GC invocations=13 (full 2):
 PSYoungGen      total 150528K, used 150520K [0x00000000d5580000, 0x00000000e0400000, 0x0000000100000000)
  eden space 137728K, 100% used [0x00000000d5580000,0x00000000ddc00000,0x00000000ddc00000)
  from space 12800K, 99% used [0x00000000df780000,0x00000000e03fe120,0x00000000e0400000)
  to   space 14848K, 0% used [0x00000000de700000,0x00000000de700000,0x00000000df580000)
 ParOldGen       total 91136K, used 19283K [0x0000000080000000, 0x0000000085900000, 0x00000000d5580000)
  object space 91136K, 21% used [0x0000000080000000,0x00000000812d4e30,0x0000000085900000)
 Metaspace       used 54449K, capacity 56112K, committed 56192K, reserved 1097728K
  class space    used 7394K, capacity 7805K, committed 7808K, reserved 1048576K
Event: 11.150 GC heap after
Heap after GC invocations=13 (full 2):
 PSYoungGen      total 163840K, used 14819K [0x00000000d5580000, 0x00000000e2480000, 0x0000000100000000)
  eden space 148992K, 0% used [0x00000000d5580000,0x00000000d5580000,0x00000000de700000)
  from space 14848K, 99% used [0x00000000de700000,0x00000000df578e68,0x00000000df580000)
  to   space 19456K, 0% used [0x00000000e1180000,0x00000000e1180000,0x00000000e2480000)
 ParOldGen       total 91136K, used 26348K [0x0000000080000000, 0x0000000085900000, 0x00000000d5580000)
  object space 91136K, 28% used [0x0000000080000000,0x00000000819bb048,0x0000000085900000)
 Metaspace       used 54449K, capacity 56112K, committed 56192K, reserved 1097728K
  class space    used 7394K, capacity 7805K, committed 7808K, reserved 1048576K
}
Event: 11.670 GC heap before
{Heap before GC invocations=14 (full 2):
 PSYoungGen      total 163840K, used 60743K [0x00000000d5580000, 0x00000000e2480000, 0x0000000100000000)
  eden space 148992K, 30% used [0x00000000d5580000,0x00000000d8258eb8,0x00000000de700000)
  from space 14848K, 99% used [0x00000000de700000,0x00000000df578e68,0x00000000df580000)
  to   space 19456K, 0% used [0x00000000e1180000,0x00000000e1180000,0x00000000e2480000)
 ParOldGen       total 91136K, used 26348K [0x0000000080000000, 0x0000000085900000, 0x00000000d5580000)
  object space 91136K, 28% used [0x0000000080000000,0x00000000819bb048,0x0000000085900000)
 Metaspace       used 57243K, capacity 59010K, committed 59096K, reserved 1099776K
  class space    used 7846K, capacity 8283K, committed 8320K, reserved 1048576K
Event: 11.684 GC heap after
Heap after GC invocations=14 (full 2):
 PSYoungGen      total 192512K, used 4241K [0x00000000d5580000, 0x00000000e3880000, 0x0000000100000000)
  eden space 173056K, 0% used [0x00000000d5580000,0x00000000d5580000,0x00000000dfe80000)
  from space 19456K, 21% used [0x00000000e1180000,0x00000000e15a44f8,0x00000000e2480000)
  to   space 19456K, 0% used [0x00000000dfe80000,0x00000000dfe80000,0x00000000e1180000)
 ParOldGen       total 91136K, used 34885K [0x0000000080000000, 0x0000000085900000, 0x00000000d5580000)
  object space 91136K, 38% used [0x0000000080000000,0x0000000082211648,0x0000000085900000)
 Metaspace       used 57243K, capacity 59010K, committed 59096K, reserved 1099776K
  class space    used 7846K, capacity 8283K, committed 8320K, reserved 1048576K
}
Event: 11.684 GC heap before
{Heap before GC invocations=15 (full 3):
 PSYoungGen      total 192512K, used 4241K [0x00000000d5580000, 0x00000000e3880000, 0x0000000100000000)
  eden space 173056K, 0% used [0x00000000d5580000,0x00000000d5580000,0x00000000dfe80000)
  from space 19456K, 21% used [0x00000000e1180000,0x00000000e15a44f8,0x00000000e2480000)
  to   space 19456K, 0% used [0x00000000dfe80000,0x00000000dfe80000,0x00000000e1180000)
 ParOldGen       total 91136K, used 34885K [0x0000000080000000, 0x0000000085900000, 0x00000000d5580000)
  object space 91136K, 38% used [0x0000000080000000,0x0000000082211648,0x0000000085900000)
 Metaspace       used 57243K, capacity 59010K, committed 59096K, reserved 1099776K
  class space    used 7846K, capacity 8283K, committed 8320K, reserved 1048576K
Event: 11.947 GC heap after
Heap after GC invocations=15 (full 3):
 PSYoungGen      total 192512K, used 0K [0x00000000d5580000, 0x00000000e3880000, 0x0000000100000000)
  eden space 173056K, 0% used [0x00000000d5580000,0x00000000d5580000,0x00000000dfe80000)
  from space 19456K, 0% used [0x00000000e1180000,0x00000000e1180000,0x00000000e2480000)
  to   space 19456K, 0% used [0x00000000dfe80000,0x00000000dfe80000,0x00000000e1180000)
 ParOldGen       total 139264K, used 33746K [0x0000000080000000, 0x0000000088800000, 0x00000000d5580000)
  object space 139264K, 24% used [0x0000000080000000,0x00000000820f4868,0x0000000088800000)
 Metaspace       used 57243K, capacity 59010K, committed 59096K, reserved 1099776K
  class space    used 7846K, capacity 8283K, committed 8320K, reserved 1048576K
}
Event: 14.182 GC heap before
{Heap before GC invocations=16 (full 3):
 PSYoungGen      total 192512K, used 173056K [0x00000000d5580000, 0x00000000e3880000, 0x0000000100000000)
  eden space 173056K, 100% used [0x00000000d5580000,0x00000000dfe80000,0x00000000dfe80000)
  from space 19456K, 0% used [0x00000000e1180000,0x00000000e1180000,0x00000000e2480000)
  to   space 19456K, 0% used [0x00000000dfe80000,0x00000000dfe80000,0x00000000e1180000)
 ParOldGen       total 139264K, used 33746K [0x0000000080000000, 0x0000000088800000, 0x00000000d5580000)
  object space 139264K, 24% used [0x0000000080000000,0x00000000820f4868,0x0000000088800000)
 Metaspace       used 62046K, capacity 64840K, committed 65024K, reserved 1105920K
  class space    used 8543K, capacity 9128K, committed 9216K, reserved 1048576K
Event: 14.199 GC heap after
Heap after GC invocations=16 (full 3):
 PSYoungGen      total 192512K, used 15822K [0x00000000d5580000, 0x00000000e4600000, 0x0000000100000000)
  eden space 173056K, 0% used [0x00000000d5580000,0x00000000d5580000,0x00000000dfe80000)
  from space 19456K, 81% used [0x00000000dfe80000,0x00000000e0df3890,0x00000000e1180000)
  to   space 20992K, 0% used [0x00000000e3180000,0x00000000e3180000,0x00000000e4600000)
 ParOldGen       total 139264K, used 33754K [0x0000000080000000, 0x0000000088800000, 0x00000000d5580000)
  object space 139264K, 24% used [0x0000000080000000,0x00000000820f6868,0x0000000088800000)
 Metaspace       used 62046K, capacity 64840K, committed 65024K, reserved 1105920K
  class space    used 8543K, capacity 9128K, committed 9216K, reserved 1048576K
}
Event: 26.082 GC heap before
{Heap before GC invocations=17 (full 3):
 PSYoungGen      total 192512K, used 188878K [0x00000000d5580000, 0x00000000e4600000, 0x0000000100000000)
  eden space 173056K, 100% used [0x00000000d5580000,0x00000000dfe80000,0x00000000dfe80000)
  from space 19456K, 81% used [0x00000000dfe80000,0x00000000e0df3890,0x00000000e1180000)
  to   space 20992K, 0% used [0x00000000e3180000,0x00000000e3180000,0x00000000e4600000)
 ParOldGen       total 139264K, used 33754K [0x0000000080000000, 0x0000000088800000, 0x00000000d5580000)
  object space 139264K, 24% used [0x0000000080000000,0x00000000820f6868,0x0000000088800000)
 Metaspace       used 74688K, capacity 78664K, committed 78848K, reserved 1116160K
  class space    used 10437K, capacity 11228K, committed 11264K, reserved 1048576K
Event: 26.113 GC heap after
Heap after GC invocations=17 (full 3):
 PSYoungGen      total 217600K, used 20965K [0x00000000d5580000, 0x00000000e5080000, 0x0000000100000000)
  eden space 196608K, 0% used [0x00000000d5580000,0x00000000d5580000,0x00000000e1580000)
  from space 20992K, 99% used [0x00000000e3180000,0x00000000e45f96f0,0x00000000e4600000)
  to   space 28672K, 0% used [0x00000000e1580000,0x00000000e1580000,0x00000000e3180000)
 ParOldGen       total 139264K, used 47015K [0x0000000080000000, 0x0000000088800000, 0x00000000d5580000)
  object space 139264K, 33% used [0x0000000080000000,0x0000000082de9cb8,0x0000000088800000)
 Metaspace       used 74688K, capacity 78664K, committed 78848K, reserved 1116160K
  class space    used 10437K, capacity 11228K, committed 11264K, reserved 1048576K
}

