# JRE version: OpenJDK Runtime Environment (8.0_212-b04) (build 1.8.0_212-release-1586-b04)
# Java VM: OpenJDK 64-Bit Server VM (25.212-b04 mixed mode windows-amd64 compressed oops)
Heap:
 PSYoungGen      total 340992K, used 68068K [0x00000000d5580000, 0x00000000ed500000, 0x0000000100000000)
  eden space 311296K, 12% used [0x00000000d5580000,0x00000000d7affa48,0x00000000e8580000)
  from space 29696K, 99% used [0x00000000eb800000,0x00000000ed4f9780,0x00000000ed500000)
  to   space 31232K, 0% used [0x00000000e8580000,0x00000000e8580000,0x00000000ea400000)
 ParOldGen       total 113664K, used 80806K [0x0000000080000000, 0x0000000086f00000, 0x00000000d5580000)
  object space 113664K, 71% used [0x0000000080000000,0x0000000084ee99d8,0x0000000086f00000)
 Metaspace       used 93900K, capacity 98546K, committed 98688K, reserved 1134592K
  class space    used 12453K, capacity 13418K, committed 13440K, reserved 1048576K
GC Heap History (10 events):
Event: 3627.504 GC heap before
{Heap before GC invocations=20 (full 3):
 PSYoungGen      total 337920K, used 135145K [0x00000000d5580000, 0x00000000ec400000, 0x0000000100000000)
  eden space 311808K, 37% used [0x00000000d5580000,0x00000000dc775790,0x00000000e8600000)
  from space 26112K, 70% used [0x00000000eaa80000,0x00000000ebc84fd8,0x00000000ec400000)
  to   space 31744K, 0% used [0x00000000e8600000,0x00000000e8600000,0x00000000ea500000)
 ParOldGen       total 113664K, used 66876K [0x0000000080000000, 0x0000000086f00000, 0x00000000d5580000)
  object space 113664K, 58% used [0x0000000080000000,0x000000008414f3c8,0x0000000086f00000)
 Metaspace       used 79636K, capacity 83200K, committed 83456K, reserved 1122304K
  class space    used 10527K, capacity 11178K, committed 11264K, reserved 1048576K
Event: 3627.535 GC heap after
Heap after GC invocations=20 (full 3):
 PSYoungGen      total 327168K, used 15328K [0x00000000d5580000, 0x00000000ec200000, 0x0000000100000000)
  eden space 311808K, 0% used [0x00000000d5580000,0x00000000d5580000,0x00000000e8600000)
  from space 15360K, 99% used [0x00000000e8600000,0x00000000e94f8160,0x00000000e9500000)
  to   space 30720K, 0% used [0x00000000ea400000,0x00000000ea400000,0x00000000ec200000)
 ParOldGen       total 113664K, used 66884K [0x0000000080000000, 0x0000000086f00000, 0x00000000d5580000)
  object space 113664K, 58% used [0x0000000080000000,0x00000000841513c8,0x0000000086f00000)
 Metaspace       used 79636K, capacity 83200K, committed 83456K, reserved 1122304K
  class space    used 10527K, capacity 11178K, committed 11264K, reserved 1048576K
}
Event: 3627.535 GC heap before
{Heap before GC invocations=21 (full 4):
 PSYoungGen      total 327168K, used 15328K [0x00000000d5580000, 0x00000000ec200000, 0x0000000100000000)
  eden space 311808K, 0% used [0x00000000d5580000,0x00000000d5580000,0x00000000e8600000)
  from space 15360K, 99% used [0x00000000e8600000,0x00000000e94f8160,0x00000000e9500000)
  to   space 30720K, 0% used [0x00000000ea400000,0x00000000ea400000,0x00000000ec200000)
 ParOldGen       total 113664K, used 66884K [0x0000000080000000, 0x0000000086f00000, 0x00000000d5580000)
  object space 113664K, 58% used [0x0000000080000000,0x00000000841513c8,0x0000000086f00000)
 Metaspace       used 79636K, capacity 83200K, committed 83456K, reserved 1122304K
  class space    used 10527K, capacity 11178K, committed 11264K, reserved 1048576K
Event: 3628.498 GC heap after
Heap after GC invocations=21 (full 4):
 PSYoungGen      total 327168K, used 0K [0x00000000d5580000, 0x00000000ec200000, 0x0000000100000000)
  eden space 311808K, 0% used [0x00000000d5580000,0x00000000d5580000,0x00000000e8600000)
  from space 15360K, 0% used [0x00000000e8600000,0x00000000e8600000,0x00000000e9500000)
  to   space 30720K, 0% used [0x00000000ea400000,0x00000000ea400000,0x00000000ec200000)
 ParOldGen       total 113664K, used 57066K [0x0000000080000000, 0x0000000086f00000, 0x00000000d5580000)
  object space 113664K, 50% used [0x0000000080000000,0x00000000837baae0,0x0000000086f00000)
 Metaspace       used 78496K, capacity 81186K, committed 83456K, reserved 1122304K
  class space    used 10283K, capacity 10785K, committed 11264K, reserved 1048576K
}
Event: 3993.157 GC heap before
{Heap before GC invocations=22 (full 4):
 PSYoungGen      total 327168K, used 311808K [0x00000000d5580000, 0x00000000ec200000, 0x0000000100000000)
  eden space 311808K, 100% used [0x00000000d5580000,0x00000000e8600000,0x00000000e8600000)
  from space 15360K, 0% used [0x00000000e8600000,0x00000000e8600000,0x00000000e9500000)
  to   space 30720K, 0% used [0x00000000ea400000,0x00000000ea400000,0x00000000ec200000)
 ParOldGen       total 113664K, used 57066K [0x0000000080000000, 0x0000000086f00000, 0x00000000d5580000)
  object space 113664K, 50% used [0x0000000080000000,0x00000000837baae0,0x0000000086f00000)
 Metaspace       used 79340K, capacity 82354K, committed 83456K, reserved 1122304K
  class space    used 10367K, capacity 10966K, committed 11264K, reserved 1048576K
Event: 3993.183 GC heap after
Heap after GC invocations=22 (full 4):
 PSYoungGen      total 342016K, used 18963K [0x00000000d5580000, 0x00000000edd80000, 0x0000000100000000)
  eden space 311296K, 0% used [0x00000000d5580000,0x00000000d5580000,0x00000000e8580000)
  from space 30720K, 61% used [0x00000000ea400000,0x00000000eb684ff0,0x00000000ec200000)
  to   space 31232K, 0% used [0x00000000e8580000,0x00000000e8580000,0x00000000ea400000)
 ParOldGen       total 113664K, used 57074K [0x0000000080000000, 0x0000000086f00000, 0x00000000d5580000)
  object space 113664K, 50% used [0x0000000080000000,0x00000000837bcae0,0x0000000086f00000)
 Metaspace       used 79340K, capacity 82354K, committed 83456K, reserved 1122304K
  class space    used 10367K, capacity 10966K, committed 11264K, reserved 1048576K
}
Event: 4145.987 GC heap before
{Heap before GC invocations=23 (full 4):
 PSYoungGen      total 342016K, used 330259K [0x00000000d5580000, 0x00000000edd80000, 0x0000000100000000)
  eden space 311296K, 100% used [0x00000000d5580000,0x00000000e8580000,0x00000000e8580000)
  from space 30720K, 61% used [0x00000000ea400000,0x00000000eb684ff0,0x00000000ec200000)
  to   space 31232K, 0% used [0x00000000e8580000,0x00000000e8580000,0x00000000ea400000)
 ParOldGen       total 113664K, used 57074K [0x0000000080000000, 0x0000000086f00000, 0x00000000d5580000)
  object space 113664K, 50% used [0x0000000080000000,0x00000000837bcae0,0x0000000086f00000)
 Metaspace       used 80296K, capacity 83396K, committed 84224K, reserved 1122304K
  class space    used 10457K, capacity 11065K, committed 11264K, reserved 1048576K
Event: 4146.017 GC heap after
Heap after GC invocations=23 (full 4):
 PSYoungGen      total 342528K, used 13392K [0x00000000d5580000, 0x00000000ed500000, 0x0000000100000000)
  eden space 311296K, 0% used [0x00000000d5580000,0x00000000d5580000,0x00000000e8580000)
  from space 31232K, 42% used [0x00000000e8580000,0x00000000e9294030,0x00000000ea400000)
  to   space 29696K, 0% used [0x00000000eb800000,0x00000000eb800000,0x00000000ed500000)
 ParOldGen       total 113664K, used 57082K [0x0000000080000000, 0x0000000086f00000, 0x00000000d5580000)
  object space 113664K, 50% used [0x0000000080000000,0x00000000837beae0,0x0000000086f00000)
 Metaspace       used 80296K, capacity 83396K, committed 84224K, reserved 1122304K
  class space    used 10457K, capacity 11065K, committed 11264K, reserved 1048576K
}
Event: 4150.982 GC heap before
{Heap before GC invocations=24 (full 4):
 PSYoungGen      total 342528K, used 324688K [0x00000000d5580000, 0x00000000ed500000, 0x0000000100000000)
  eden space 311296K, 100% used [0x00000000d5580000,0x00000000e8580000,0x00000000e8580000)
  from space 31232K, 42% used [0x00000000e8580000,0x00000000e9294030,0x00000000ea400000)
  to   space 29696K, 0% used [0x00000000eb800000,0x00000000eb800000,0x00000000ed500000)
 ParOldGen       total 113664K, used 57082K [0x0000000080000000, 0x0000000086f00000, 0x00000000d5580000)
  object space 113664K, 50% used [0x0000000080000000,0x00000000837beae0,0x0000000086f00000)
 Metaspace       used 93179K, capacity 97818K, committed 98048K, reserved 1134592K
  class space    used 12337K, capacity 13294K, committed 13312K, reserved 1048576K
Event: 4151.374 GC heap after
Heap after GC invocations=24 (full 4):
 PSYoungGen      total 340992K, used 29669K [0x00000000d5580000, 0x00000000ed500000, 0x0000000100000000)
  eden space 311296K, 0% used [0x00000000d5580000,0x00000000d5580000,0x00000000e8580000)
  from space 29696K, 99% used [0x00000000eb800000,0x00000000ed4f9780,0x00000000ed500000)
  to   space 31232K, 0% used [0x00000000e8580000,0x00000000e8580000,0x00000000ea400000)
 ParOldGen       total 113664K, used 80806K [0x0000000080000000, 0x0000000086f00000, 0x00000000d5580000)
  object space 113664K, 71% used [0x0000000080000000,0x0000000084ee99d8,0x0000000086f00000)
 Metaspace       used 93179K, capacity 97818K, committed 98048K, reserved 1134592K
  class space    used 12337K, capacity 13294K, committed 13312K, reserved 1048576K
}

