# JRE version: OpenJDK Runtime Environment (8.0_212-b04) (build 1.8.0_212-release-1586-b04)
# Java VM: OpenJDK 64-Bit Server VM (25.212-b04 mixed mode windows-amd64 compressed oops)
Heap:
 PSYoungGen      total 190976K, used 96927K [0x00000000d5580000, 0x00000000e4000000, 0x0000000100000000)
  eden space 170496K, 44% used [0x00000000d5580000,0x00000000da05bd40,0x00000000dfc00000)
  from space 20480K, 99% used [0x00000000e2c00000,0x00000000e3ffe518,0x00000000e4000000)
  to   space 18944K, 0% used [0x00000000dfc00000,0x00000000dfc00000,0x00000000e0e80000)
 ParOldGen       total 144896K, used 61020K [0x0000000080000000, 0x0000000088d80000, 0x00000000d5580000)
  object space 144896K, 42% used [0x0000000080000000,0x0000000083b97310,0x0000000088d80000)
 Metaspace       used 71546K, capacity 74578K, committed 74880K, reserved 1114112K
  class space    used 9903K, capacity 10509K, committed 10624K, reserved 1048576K
GC Heap History (10 events):
Event: 9.684 GC heap before
{Heap before GC invocations=13 (full 2):
 PSYoungGen      total 147456K, used 147453K [0x00000000d5580000, 0x00000000dfe00000, 0x0000000100000000)
  eden space 134656K, 100% used [0x00000000d5580000,0x00000000dd900000,0x00000000dd900000)
  from space 12800K, 99% used [0x00000000df180000,0x00000000dfdff6c0,0x00000000dfe00000)
  to   space 14848K, 0% used [0x00000000de100000,0x00000000de100000,0x00000000def80000)
 ParOldGen       total 94208K, used 19179K [0x0000000080000000, 0x0000000085c00000, 0x00000000d5580000)
  object space 94208K, 20% used [0x0000000080000000,0x00000000812bac30,0x0000000085c00000)
 Metaspace       used 54125K, capacity 55810K, committed 55936K, reserved 1097728K
  class space    used 7365K, capacity 7772K, committed 7808K, reserved 1048576K
Event: 9.706 GC heap after
Heap after GC invocations=13 (full 2):
 PSYoungGen      total 157696K, used 14842K [0x00000000d5580000, 0x00000000e2180000, 0x0000000100000000)
  eden space 142848K, 0% used [0x00000000d5580000,0x00000000d5580000,0x00000000de100000)
  from space 14848K, 99% used [0x00000000de100000,0x00000000def7e950,0x00000000def80000)
  to   space 19456K, 0% used [0x00000000e0e80000,0x00000000e0e80000,0x00000000e2180000)
 ParOldGen       total 94208K, used 25910K [0x0000000080000000, 0x0000000085c00000, 0x00000000d5580000)
  object space 94208K, 27% used [0x0000000080000000,0x000000008194d828,0x0000000085c00000)
 Metaspace       used 54125K, capacity 55810K, committed 55936K, reserved 1097728K
  class space    used 7365K, capacity 7772K, committed 7808K, reserved 1048576K
}
Event: 10.371 GC heap before
{Heap before GC invocations=14 (full 2):
 PSYoungGen      total 157696K, used 66121K [0x00000000d5580000, 0x00000000e2180000, 0x0000000100000000)
  eden space 142848K, 35% used [0x00000000d5580000,0x00000000d8793b50,0x00000000de100000)
  from space 14848K, 99% used [0x00000000de100000,0x00000000def7e950,0x00000000def80000)
  to   space 19456K, 0% used [0x00000000e0e80000,0x00000000e0e80000,0x00000000e2180000)
 ParOldGen       total 94208K, used 25910K [0x0000000080000000, 0x0000000085c00000, 0x00000000d5580000)
  object space 94208K, 27% used [0x0000000080000000,0x000000008194d828,0x0000000085c00000)
 Metaspace       used 57204K, capacity 58970K, committed 59096K, reserved 1099776K
  class space    used 7843K, capacity 8251K, committed 8320K, reserved 1048576K
Event: 10.390 GC heap after
Heap after GC invocations=14 (full 2):
 PSYoungGen      total 189952K, used 4626K [0x00000000d5580000, 0x00000000e2f80000, 0x0000000100000000)
  eden space 170496K, 0% used [0x00000000d5580000,0x00000000d5580000,0x00000000dfc00000)
  from space 19456K, 23% used [0x00000000e0e80000,0x00000000e13048f8,0x00000000e2180000)
  to   space 18944K, 0% used [0x00000000dfc00000,0x00000000dfc00000,0x00000000e0e80000)
 ParOldGen       total 94208K, used 34355K [0x0000000080000000, 0x0000000085c00000, 0x00000000d5580000)
  object space 94208K, 36% used [0x0000000080000000,0x000000008218ce38,0x0000000085c00000)
 Metaspace       used 57204K, capacity 58970K, committed 59096K, reserved 1099776K
  class space    used 7843K, capacity 8251K, committed 8320K, reserved 1048576K
}
Event: 10.390 GC heap before
{Heap before GC invocations=15 (full 3):
 PSYoungGen      total 189952K, used 4626K [0x00000000d5580000, 0x00000000e2f80000, 0x0000000100000000)
  eden space 170496K, 0% used [0x00000000d5580000,0x00000000d5580000,0x00000000dfc00000)
  from space 19456K, 23% used [0x00000000e0e80000,0x00000000e13048f8,0x00000000e2180000)
  to   space 18944K, 0% used [0x00000000dfc00000,0x00000000dfc00000,0x00000000e0e80000)
 ParOldGen       total 94208K, used 34355K [0x0000000080000000, 0x0000000085c00000, 0x00000000d5580000)
  object space 94208K, 36% used [0x0000000080000000,0x000000008218ce38,0x0000000085c00000)
 Metaspace       used 57204K, capacity 58970K, committed 59096K, reserved 1099776K
  class space    used 7843K, capacity 8251K, committed 8320K, reserved 1048576K
Event: 10.750 GC heap after
Heap after GC invocations=15 (full 3):
 PSYoungGen      total 189952K, used 0K [0x00000000d5580000, 0x00000000e2f80000, 0x0000000100000000)
  eden space 170496K, 0% used [0x00000000d5580000,0x00000000d5580000,0x00000000dfc00000)
  from space 19456K, 0% used [0x00000000e0e80000,0x00000000e0e80000,0x00000000e2180000)
  to   space 18944K, 0% used [0x00000000dfc00000,0x00000000dfc00000,0x00000000e0e80000)
 ParOldGen       total 144896K, used 33901K [0x0000000080000000, 0x0000000088d80000, 0x00000000d5580000)
  object space 144896K, 23% used [0x0000000080000000,0x000000008211b618,0x0000000088d80000)
 Metaspace       used 57204K, capacity 58970K, committed 59096K, reserved 1099776K
  class space    used 7843K, capacity 8251K, committed 8320K, reserved 1048576K
}
Event: 12.832 GC heap before
{Heap before GC invocations=16 (full 3):
 PSYoungGen      total 189952K, used 170496K [0x00000000d5580000, 0x00000000e2f80000, 0x0000000100000000)
  eden space 170496K, 100% used [0x00000000d5580000,0x00000000dfc00000,0x00000000dfc00000)
  from space 19456K, 0% used [0x00000000e0e80000,0x00000000e0e80000,0x00000000e2180000)
  to   space 18944K, 0% used [0x00000000dfc00000,0x00000000dfc00000,0x00000000e0e80000)
 ParOldGen       total 144896K, used 33901K [0x0000000080000000, 0x0000000088d80000, 0x00000000d5580000)
  object space 144896K, 23% used [0x0000000080000000,0x000000008211b618,0x0000000088d80000)
 Metaspace       used 61925K, capacity 64598K, committed 64896K, reserved 1105920K
  class space    used 8518K, capacity 9079K, committed 9088K, reserved 1048576K
Event: 12.856 GC heap after
Heap after GC invocations=16 (full 3):
 PSYoungGen      total 189440K, used 15715K [0x00000000d5580000, 0x00000000e4000000, 0x0000000100000000)
  eden space 170496K, 0% used [0x00000000d5580000,0x00000000d5580000,0x00000000dfc00000)
  from space 18944K, 82% used [0x00000000dfc00000,0x00000000e0b58e70,0x00000000e0e80000)
  to   space 20480K, 0% used [0x00000000e2c00000,0x00000000e2c00000,0x00000000e4000000)
 ParOldGen       total 144896K, used 33909K [0x0000000080000000, 0x0000000088d80000, 0x00000000d5580000)
  object space 144896K, 23% used [0x0000000080000000,0x000000008211d618,0x0000000088d80000)
 Metaspace       used 61925K, capacity 64598K, committed 64896K, reserved 1105920K
  class space    used 8518K, capacity 9079K, committed 9088K, reserved 1048576K
}
Event: 14.453 GC heap before
{Heap before GC invocations=17 (full 3):
 PSYoungGen      total 189440K, used 186211K [0x00000000d5580000, 0x00000000e4000000, 0x0000000100000000)
  eden space 170496K, 100% used [0x00000000d5580000,0x00000000dfc00000,0x00000000dfc00000)
  from space 18944K, 82% used [0x00000000dfc00000,0x00000000e0b58e70,0x00000000e0e80000)
  to   space 20480K, 0% used [0x00000000e2c00000,0x00000000e2c00000,0x00000000e4000000)
 ParOldGen       total 144896K, used 33909K [0x0000000080000000, 0x0000000088d80000, 0x00000000d5580000)
  object space 144896K, 23% used [0x0000000080000000,0x000000008211d618,0x0000000088d80000)
 Metaspace       used 69044K, capacity 71930K, committed 72064K, reserved 1112064K
  class space    used 9490K, capacity 10107K, committed 10112K, reserved 1048576K
Event: 14.494 GC heap after
Heap after GC invocations=17 (full 3):
 PSYoungGen      total 190976K, used 20473K [0x00000000d5580000, 0x00000000e4000000, 0x0000000100000000)
  eden space 170496K, 0% used [0x00000000d5580000,0x00000000d5580000,0x00000000dfc00000)
  from space 20480K, 99% used [0x00000000e2c00000,0x00000000e3ffe518,0x00000000e4000000)
  to   space 18944K, 0% used [0x00000000dfc00000,0x00000000dfc00000,0x00000000e0e80000)
 ParOldGen       total 144896K, used 61020K [0x0000000080000000, 0x0000000088d80000, 0x00000000d5580000)
  object space 144896K, 42% used [0x0000000080000000,0x0000000083b97310,0x0000000088d80000)
 Metaspace       used 69044K, capacity 71930K, committed 72064K, reserved 1112064K
  class space    used 9490K, capacity 10107K, committed 10112K, reserved 1048576K
}

