# JRE version: OpenJDK Runtime Environment (8.0_212-b04) (build 1.8.0_212-release-1586-b04)
# Java VM: OpenJDK 64-Bit Server VM (25.212-b04 mixed mode windows-amd64 compressed oops)
Heap:
 PSYoungGen      total 566272K, used 433219K [0x00000000d5580000, 0x0000000100000000, 0x0000000100000000)
  eden space 479744K, 85% used [0x00000000d5580000,0x00000000ee4df150,0x00000000f2a00000)
  from space 86528K, 28% used [0x00000000f2a00000,0x00000000f41b1b88,0x00000000f7e80000)
  to   space 81920K, 0% used [0x00000000fb000000,0x00000000fb000000,0x0000000100000000)
 ParOldGen       total 380416K, used 174170K [0x0000000080000000, 0x0000000097380000, 0x00000000d5580000)
  object space 380416K, 45% used [0x0000000080000000,0x000000008aa16af0,0x0000000097380000)
 Metaspace       used 106956K, capacity 112602K, committed 112896K, reserved 1146880K
  class space    used 13934K, capacity 15032K, committed 15104K, reserved 1048576K
GC Heap History (10 events):
Event: 1440.157 GC heap before
{Heap before GC invocations=28 (full 4):
 PSYoungGen      total 417280K, used 417251K [0x00000000d5580000, 0x00000000fa580000, 0x0000000100000000)
  eden space 351744K, 100% used [0x00000000d5580000,0x00000000ead00000,0x00000000ead00000)
  from space 65536K, 99% used [0x00000000ead00000,0x00000000eecf8f78,0x00000000eed00000)
  to   space 95232K, 0% used [0x00000000f4880000,0x00000000f4880000,0x00000000fa580000)
 ParOldGen       total 315904K, used 224767K [0x0000000080000000, 0x0000000093480000, 0x00000000d5580000)
  object space 315904K, 71% used [0x0000000080000000,0x000000008db7fcd8,0x0000000093480000)
 Metaspace       used 99009K, capacity 103082K, committed 103680K, reserved 1138688K
  class space    used 12946K, capacity 13775K, committed 14080K, reserved 1048576K
Event: 1440.320 GC heap after
Heap after GC invocations=28 (full 4):
 PSYoungGen      total 513536K, used 16763K [0x00000000d5580000, 0x00000000fae00000, 0x0000000100000000)
  eden space 418304K, 0% used [0x00000000d5580000,0x00000000d5580000,0x00000000eee00000)
  from space 95232K, 17% used [0x00000000f4880000,0x00000000f58dee20,0x00000000fa580000)
  to   space 92672K, 0% used [0x00000000eee00000,0x00000000eee00000,0x00000000f4880000)
 ParOldGen       total 315904K, used 281275K [0x0000000080000000, 0x0000000093480000, 0x00000000d5580000)
  object space 315904K, 89% used [0x0000000080000000,0x00000000912aec60,0x0000000093480000)
 Metaspace       used 99009K, capacity 103082K, committed 103680K, reserved 1138688K
  class space    used 12946K, capacity 13775K, committed 14080K, reserved 1048576K
}
Event: 1440.320 GC heap before
{Heap before GC invocations=29 (full 5):
 PSYoungGen      total 513536K, used 16763K [0x00000000d5580000, 0x00000000fae00000, 0x0000000100000000)
  eden space 418304K, 0% used [0x00000000d5580000,0x00000000d5580000,0x00000000eee00000)
  from space 95232K, 17% used [0x00000000f4880000,0x00000000f58dee20,0x00000000fa580000)
  to   space 92672K, 0% used [0x00000000eee00000,0x00000000eee00000,0x00000000f4880000)
 ParOldGen       total 315904K, used 281275K [0x0000000080000000, 0x0000000093480000, 0x00000000d5580000)
  object space 315904K, 89% used [0x0000000080000000,0x00000000912aec60,0x0000000093480000)
 Metaspace       used 99009K, capacity 103082K, committed 103680K, reserved 1138688K
  class space    used 12946K, capacity 13775K, committed 14080K, reserved 1048576K
Event: 1441.596 GC heap after
Heap after GC invocations=29 (full 5):
 PSYoungGen      total 513536K, used 0K [0x00000000d5580000, 0x00000000fae00000, 0x0000000100000000)
  eden space 418304K, 0% used [0x00000000d5580000,0x00000000d5580000,0x00000000eee00000)
  from space 95232K, 0% used [0x00000000f4880000,0x00000000f4880000,0x00000000fa580000)
  to   space 92672K, 0% used [0x00000000eee00000,0x00000000eee00000,0x00000000f4880000)
 ParOldGen       total 380416K, used 170371K [0x0000000080000000, 0x0000000097380000, 0x00000000d5580000)
  object space 380416K, 44% used [0x0000000080000000,0x000000008a660e30,0x0000000097380000)
 Metaspace       used 99007K, capacity 103076K, committed 103680K, reserved 1138688K
  class space    used 12946K, capacity 13774K, committed 14080K, reserved 1048576K
}
Event: 1445.810 GC heap before
{Heap before GC invocations=30 (full 5):
 PSYoungGen      total 513536K, used 418304K [0x00000000d5580000, 0x00000000fae00000, 0x0000000100000000)
  eden space 418304K, 100% used [0x00000000d5580000,0x00000000eee00000,0x00000000eee00000)
  from space 95232K, 0% used [0x00000000f4880000,0x00000000f4880000,0x00000000fa580000)
  to   space 92672K, 0% used [0x00000000eee00000,0x00000000eee00000,0x00000000f4880000)
 ParOldGen       total 380416K, used 170371K [0x0000000080000000, 0x0000000097380000, 0x00000000d5580000)
  object space 380416K, 44% used [0x0000000080000000,0x000000008a660e30,0x0000000097380000)
 Metaspace       used 99083K, capacity 103102K, committed 103680K, reserved 1138688K
  class space    used 12948K, capacity 13777K, committed 14080K, reserved 1048576K
Event: 1445.832 GC heap after
Heap after GC invocations=30 (full 5):
 PSYoungGen      total 510976K, used 3111K [0x00000000d5580000, 0x00000000fe580000, 0x0000000100000000)
  eden space 418304K, 0% used [0x00000000d5580000,0x00000000d5580000,0x00000000eee00000)
  from space 92672K, 3% used [0x00000000eee00000,0x00000000ef109c90,0x00000000f4880000)
  to   space 91648K, 0% used [0x00000000f8c00000,0x00000000f8c00000,0x00000000fe580000)
 ParOldGen       total 380416K, used 170371K [0x0000000080000000, 0x0000000097380000, 0x00000000d5580000)
  object space 380416K, 44% used [0x0000000080000000,0x000000008a660e30,0x0000000097380000)
 Metaspace       used 99083K, capacity 103102K, committed 103680K, reserved 1138688K
  class space    used 12948K, capacity 13777K, committed 14080K, reserved 1048576K
}
Event: 2286.500 GC heap before
{Heap before GC invocations=31 (full 5):
 PSYoungGen      total 510976K, used 421415K [0x00000000d5580000, 0x00000000fe580000, 0x0000000100000000)
  eden space 418304K, 100% used [0x00000000d5580000,0x00000000eee00000,0x00000000eee00000)
  from space 92672K, 3% used [0x00000000eee00000,0x00000000ef109c90,0x00000000f4880000)
  to   space 91648K, 0% used [0x00000000f8c00000,0x00000000f8c00000,0x00000000fe580000)
 ParOldGen       total 380416K, used 170371K [0x0000000080000000, 0x0000000097380000, 0x00000000d5580000)
  object space 380416K, 44% used [0x0000000080000000,0x000000008a660e30,0x0000000097380000)
 Metaspace       used 99619K, capacity 103748K, committed 104192K, reserved 1138688K
  class space    used 12967K, capacity 13808K, committed 14080K, reserved 1048576K
Event: 2286.532 GC heap after
Heap after GC invocations=31 (full 5):
 PSYoungGen      total 552448K, used 32629K [0x00000000d5580000, 0x00000000fd300000, 0x0000000100000000)
  eden space 479744K, 0% used [0x00000000d5580000,0x00000000d5580000,0x00000000f2a00000)
  from space 72704K, 44% used [0x00000000f8c00000,0x00000000fabdd770,0x00000000fd300000)
  to   space 86528K, 0% used [0x00000000f2a00000,0x00000000f2a00000,0x00000000f7e80000)
 ParOldGen       total 380416K, used 172851K [0x0000000080000000, 0x0000000097380000, 0x00000000d5580000)
  object space 380416K, 45% used [0x0000000080000000,0x000000008a8ccc00,0x0000000097380000)
 Metaspace       used 99619K, capacity 103748K, committed 104192K, reserved 1138688K
  class space    used 12967K, capacity 13808K, committed 14080K, reserved 1048576K
}
Event: 2515.534 GC heap before
{Heap before GC invocations=32 (full 5):
 PSYoungGen      total 552448K, used 512373K [0x00000000d5580000, 0x00000000fd300000, 0x0000000100000000)
  eden space 479744K, 100% used [0x00000000d5580000,0x00000000f2a00000,0x00000000f2a00000)
  from space 72704K, 44% used [0x00000000f8c00000,0x00000000fabdd770,0x00000000fd300000)
  to   space 86528K, 0% used [0x00000000f2a00000,0x00000000f2a00000,0x00000000f7e80000)
 ParOldGen       total 380416K, used 172851K [0x0000000080000000, 0x0000000097380000, 0x00000000d5580000)
  object space 380416K, 45% used [0x0000000080000000,0x000000008a8ccc00,0x0000000097380000)
 Metaspace       used 103382K, capacity 108170K, committed 108416K, reserved 1142784K
  class space    used 13488K, capacity 14431K, committed 14464K, reserved 1048576K
Event: 2515.586 GC heap after
Heap after GC invocations=32 (full 5):
 PSYoungGen      total 566272K, used 24262K [0x00000000d5580000, 0x0000000100000000, 0x0000000100000000)
  eden space 479744K, 0% used [0x00000000d5580000,0x00000000d5580000,0x00000000f2a00000)
  from space 86528K, 28% used [0x00000000f2a00000,0x00000000f41b1b88,0x00000000f7e80000)
  to   space 81920K, 0% used [0x00000000fb000000,0x00000000fb000000,0x0000000100000000)
 ParOldGen       total 380416K, used 174170K [0x0000000080000000, 0x0000000097380000, 0x00000000d5580000)
  object space 380416K, 45% used [0x0000000080000000,0x000000008aa16af0,0x0000000097380000)
 Metaspace       used 103382K, capacity 108170K, committed 108416K, reserved 1142784K
  class space    used 13488K, capacity 14431K, committed 14464K, reserved 1048576K
}

